2021-04-19 19:12:05,273 INFO werkzeug  * Running on http://127.0.0.1:8080/ (Press CTRL+C to quit)
2021-04-19 19:12:21,085 INFO werkzeug 127.0.0.1 - - [19/Apr/2021 19:12:21] "[37mGET / HTTP/1.1[0m" 200 -
2021-04-19 19:12:21,357 INFO werkzeug 127.0.0.1 - - [19/Apr/2021 19:12:21] "[33mGET /favicon.ico HTTP/1.1[0m" 404 -
2021-04-19 19:12:32,444 INFO werkzeug 127.0.0.1 - - [19/Apr/2021 19:12:32] "[37mGET /login HTTP/1.1[0m" 200 -
2021-04-19 19:12:42,095 INFO werkzeug 127.0.0.1 - - [19/Apr/2021 19:12:42] "[37mGET / HTTP/1.1[0m" 200 -
2021-04-19 19:12:51,738 INFO werkzeug 127.0.0.1 - - [19/Apr/2021 19:12:51] "[37mGET /login HTTP/1.1[0m" 200 -
2021-04-19 19:13:01,650 INFO werkzeug 127.0.0.1 - - [19/Apr/2021 19:13:01] "[32mPOST /login HTTP/1.1[0m" 302 -
2021-04-19 19:13:01,672 INFO werkzeug 127.0.0.1 - - [19/Apr/2021 19:13:01] "[37mGET / HTTP/1.1[0m" 200 -
2021-04-19 19:13:11,499 INFO werkzeug 127.0.0.1 - - [19/Apr/2021 19:13:11] "[37mGET /user_orders HTTP/1.1[0m" 200 -
2021-04-19 19:13:13,043 INFO werkzeug 127.0.0.1 - - [19/Apr/2021 19:13:13] "[37mGET / HTTP/1.1[0m" 200 -
2021-04-19 19:13:15,214 INFO werkzeug 127.0.0.1 - - [19/Apr/2021 19:13:15] "[33mGET /add_item HTTP/1.1[0m" 404 -
2021-04-19 19:13:17,763 INFO werkzeug 127.0.0.1 - - [19/Apr/2021 19:13:17] "[37mGET /favourites HTTP/1.1[0m" 200 -
2021-04-19 19:13:18,993 INFO werkzeug 127.0.0.1 - - [19/Apr/2021 19:13:18] "[37mGET / HTTP/1.1[0m" 200 -
2021-04-19 19:13:19,730 INFO werkzeug 127.0.0.1 - - [19/Apr/2021 19:13:19] "[33mGET /order HTTP/1.1[0m" 404 -
2021-04-19 19:13:24,894 INFO werkzeug 127.0.0.1 - - [19/Apr/2021 19:13:24] "[37mGET /?page=1 HTTP/1.1[0m" 200 -
2021-04-19 19:13:27,385 INFO werkzeug 127.0.0.1 - - [19/Apr/2021 19:13:27] "[37mGET /?page=0 HTTP/1.1[0m" 200 -
2021-04-19 19:13:32,969 INFO werkzeug 127.0.0.1 - - [19/Apr/2021 19:13:32] "[37mGET /user_profile HTTP/1.1[0m" 200 -
2021-04-19 19:13:49,693 INFO werkzeug 127.0.0.1 - - [19/Apr/2021 19:13:49] "[37mGET /user_profile HTTP/1.1[0m" 200 -
2021-04-19 19:13:50,998 INFO werkzeug 127.0.0.1 - - [19/Apr/2021 19:13:50] "[32mGET /logout HTTP/1.1[0m" 302 -
2021-04-19 19:13:51,013 INFO werkzeug 127.0.0.1 - - [19/Apr/2021 19:13:51] "[37mGET / HTTP/1.1[0m" 200 -
2021-04-19 19:14:30,210 INFO werkzeug 127.0.0.1 - - [19/Apr/2021 19:14:30] "[37mGET /login HTTP/1.1[0m" 200 -
2021-04-19 19:16:02,664 INFO werkzeug 127.0.0.1 - - [19/Apr/2021 19:16:02] "[32mPOST /login HTTP/1.1[0m" 302 -
2021-04-19 19:16:02,683 INFO werkzeug 127.0.0.1 - - [19/Apr/2021 19:16:02] "[37mGET / HTTP/1.1[0m" 200 -
2021-04-19 19:16:08,465 INFO werkzeug 127.0.0.1 - - [19/Apr/2021 19:16:08] "[37mGET /user_profile HTTP/1.1[0m" 200 -
2021-04-19 19:16:15,043 INFO werkzeug 127.0.0.1 - - [19/Apr/2021 19:16:15] "[37mGET /user_profile HTTP/1.1[0m" 200 -
2021-04-19 19:16:16,195 INFO werkzeug 127.0.0.1 - - [19/Apr/2021 19:16:16] "[32mGET /logout HTTP/1.1[0m" 302 -
2021-04-19 19:16:16,211 INFO werkzeug 127.0.0.1 - - [19/Apr/2021 19:16:16] "[37mGET / HTTP/1.1[0m" 200 -
2021-04-19 19:20:14,755 INFO werkzeug  * Running on http://127.0.0.1:8080/ (Press CTRL+C to quit)
2021-04-19 19:20:18,393 INFO werkzeug 127.0.0.1 - - [19/Apr/2021 19:20:18] "[37mGET / HTTP/1.1[0m" 200 -
2021-04-19 19:20:18,809 INFO werkzeug 127.0.0.1 - - [19/Apr/2021 19:20:18] "[33mGET /favicon.ico HTTP/1.1[0m" 404 -
2021-04-19 19:20:20,529 INFO werkzeug 127.0.0.1 - - [19/Apr/2021 19:20:20] "[37mGET /register HTTP/1.1[0m" 200 -
2021-04-19 19:20:25,207 INFO werkzeug 127.0.0.1 - - [19/Apr/2021 19:20:25] "[37mGET /login HTTP/1.1[0m" 200 -
2021-04-19 19:20:28,409 INFO werkzeug 127.0.0.1 - - [19/Apr/2021 19:20:28] "[32mPOST /login HTTP/1.1[0m" 302 -
2021-04-19 19:20:28,427 INFO werkzeug 127.0.0.1 - - [19/Apr/2021 19:20:28] "[37mGET / HTTP/1.1[0m" 200 -
2021-04-19 19:20:29,849 ERROR main Exception on /user_profile [GET]
Traceback (most recent call last):
  File "C:\Users\GF63\AppData\Local\Programs\Python\Python39\lib\site-packages\flask\app.py", line 2447, in wsgi_app
    response = self.full_dispatch_request()
  File "C:\Users\GF63\AppData\Local\Programs\Python\Python39\lib\site-packages\flask\app.py", line 1952, in full_dispatch_request
    rv = self.handle_user_exception(e)
  File "C:\Users\GF63\AppData\Local\Programs\Python\Python39\lib\site-packages\flask\app.py", line 1821, in handle_user_exception
    reraise(exc_type, exc_value, tb)
  File "C:\Users\GF63\AppData\Local\Programs\Python\Python39\lib\site-packages\flask\_compat.py", line 39, in reraise
    raise value
  File "C:\Users\GF63\AppData\Local\Programs\Python\Python39\lib\site-packages\flask\app.py", line 1950, in full_dispatch_request
    rv = self.dispatch_request()
  File "C:\Users\GF63\AppData\Local\Programs\Python\Python39\lib\site-packages\flask\app.py", line 1936, in dispatch_request
    return self.view_functions[rule.endpoint](**req.view_args)
  File "C:\Users\GF63\PycharmProjects\shop_project\main.py", line 215, in user_profile
    return render_template("user_profile.html", current_user=current_user)
  File "C:\Users\GF63\AppData\Local\Programs\Python\Python39\lib\site-packages\flask\templating.py", line 138, in render_template
    ctx.app.jinja_env.get_or_select_template(template_name_or_list),
  File "C:\Users\GF63\AppData\Local\Programs\Python\Python39\lib\site-packages\jinja2\environment.py", line 930, in get_or_select_template
    return self.get_template(template_name_or_list, parent, globals)
  File "C:\Users\GF63\AppData\Local\Programs\Python\Python39\lib\site-packages\jinja2\environment.py", line 883, in get_template
    return self._load_template(name, self.make_globals(globals))
  File "C:\Users\GF63\AppData\Local\Programs\Python\Python39\lib\site-packages\jinja2\environment.py", line 857, in _load_template
    template = self.loader.load(self, name, globals)
  File "C:\Users\GF63\AppData\Local\Programs\Python\Python39\lib\site-packages\jinja2\loaders.py", line 127, in load
    code = environment.compile(source, name, filename)
  File "C:\Users\GF63\AppData\Local\Programs\Python\Python39\lib\site-packages\jinja2\environment.py", line 638, in compile
    self.handle_exception(source=source_hint)
  File "C:\Users\GF63\AppData\Local\Programs\Python\Python39\lib\site-packages\jinja2\environment.py", line 832, in handle_exception
    reraise(*rewrite_traceback_stack(source=source))
  File "C:\Users\GF63\AppData\Local\Programs\Python\Python39\lib\site-packages\jinja2\_compat.py", line 28, in reraise
    raise value.with_traceback(tb)
  File "C:\Users\GF63\PycharmProjects\shop_project\templates\user_profile.html", line 18, in template
    {% endif %}
jinja2.exceptions.TemplateSyntaxError: Encountered unknown tag 'endif'. Jinja was looking for the following tags: 'endblock'. The innermost block that needs to be closed is 'block'.
2021-04-19 19:20:29,878 INFO werkzeug 127.0.0.1 - - [19/Apr/2021 19:20:29] "[35m[1mGET /user_profile HTTP/1.1[0m" 500 -
2021-04-19 19:21:28,377 INFO werkzeug  * Running on http://127.0.0.1:8080/ (Press CTRL+C to quit)
2021-04-19 19:21:31,972 INFO werkzeug 127.0.0.1 - - [19/Apr/2021 19:21:31] "[37mGET /user_profile HTTP/1.1[0m" 200 -
2021-04-19 19:21:32,117 INFO werkzeug 127.0.0.1 - - [19/Apr/2021 19:21:32] "[33mGET /favicon.ico HTTP/1.1[0m" 404 -
2021-04-19 19:21:36,975 INFO werkzeug 127.0.0.1 - - [19/Apr/2021 19:21:36] "[37mGET /favourites HTTP/1.1[0m" 200 -
2021-04-19 19:21:37,875 INFO werkzeug 127.0.0.1 - - [19/Apr/2021 19:21:37] "[37mGET / HTTP/1.1[0m" 200 -
2021-04-19 19:23:46,101 INFO werkzeug  * Running on http://127.0.0.1:8080/ (Press CTRL+C to quit)
2021-04-19 19:23:47,849 INFO werkzeug 127.0.0.1 - - [19/Apr/2021 19:23:47] "[37mGET / HTTP/1.1[0m" 200 -
2021-04-19 19:23:48,017 INFO werkzeug 127.0.0.1 - - [19/Apr/2021 19:23:48] "[33mGET /favicon.ico HTTP/1.1[0m" 404 -
2021-04-19 19:23:50,207 INFO werkzeug 127.0.0.1 - - [19/Apr/2021 19:23:50] "[37mGET /user_profile HTTP/1.1[0m" 200 -
2021-04-19 19:23:54,757 INFO werkzeug 127.0.0.1 - - [19/Apr/2021 19:23:54] "[37mGET /user_profile HTTP/1.1[0m" 200 -
2021-04-19 19:23:54,914 INFO werkzeug 127.0.0.1 - - [19/Apr/2021 19:23:54] "[33mGET /favicon.ico HTTP/1.1[0m" 404 -
2021-04-19 19:25:29,707 INFO werkzeug  * Running on http://127.0.0.1:8080/ (Press CTRL+C to quit)
2021-04-19 19:25:32,494 INFO werkzeug 127.0.0.1 - - [19/Apr/2021 19:25:32] "[37mGET /user_profile HTTP/1.1[0m" 200 -
2021-04-19 19:25:32,650 INFO werkzeug 127.0.0.1 - - [19/Apr/2021 19:25:32] "[33mGET /favicon.ico HTTP/1.1[0m" 404 -
2021-04-19 19:25:38,442 INFO werkzeug 127.0.0.1 - - [19/Apr/2021 19:25:38] "[37mGET / HTTP/1.1[0m" 200 -
2021-04-19 19:25:41,225 INFO werkzeug 127.0.0.1 - - [19/Apr/2021 19:25:41] "[37mGET /user_profile HTTP/1.1[0m" 200 -
2021-04-19 19:25:55,569 INFO werkzeug  * Running on http://127.0.0.1:8080/ (Press CTRL+C to quit)
2021-04-19 19:25:57,251 INFO werkzeug 127.0.0.1 - - [19/Apr/2021 19:25:57] "[37mGET /user_profile HTTP/1.1[0m" 200 -
2021-04-19 19:25:57,385 INFO werkzeug 127.0.0.1 - - [19/Apr/2021 19:25:57] "[33mGET /favicon.ico HTTP/1.1[0m" 404 -
2021-04-19 19:26:08,563 INFO werkzeug  * Running on http://127.0.0.1:8080/ (Press CTRL+C to quit)
2021-04-19 19:26:10,457 INFO werkzeug 127.0.0.1 - - [19/Apr/2021 19:26:10] "[37mGET /user_profile HTTP/1.1[0m" 200 -
2021-04-19 19:26:10,605 INFO werkzeug 127.0.0.1 - - [19/Apr/2021 19:26:10] "[33mGET /favicon.ico HTTP/1.1[0m" 404 -
2021-04-19 19:26:20,986 INFO werkzeug  * Running on http://127.0.0.1:8080/ (Press CTRL+C to quit)
2021-04-19 19:26:22,870 INFO werkzeug 127.0.0.1 - - [19/Apr/2021 19:26:22] "[37mGET /user_profile HTTP/1.1[0m" 200 -
2021-04-19 19:26:23,009 INFO werkzeug 127.0.0.1 - - [19/Apr/2021 19:26:23] "[33mGET /favicon.ico HTTP/1.1[0m" 404 -
2021-04-19 19:26:39,425 INFO werkzeug  * Running on http://127.0.0.1:8080/ (Press CTRL+C to quit)
2021-04-19 19:26:42,285 INFO werkzeug 127.0.0.1 - - [19/Apr/2021 19:26:42] "[37mGET /user_profile HTTP/1.1[0m" 200 -
2021-04-19 19:26:42,439 INFO werkzeug 127.0.0.1 - - [19/Apr/2021 19:26:42] "[33mGET /favicon.ico HTTP/1.1[0m" 404 -
2021-04-19 19:26:45,466 INFO werkzeug 127.0.0.1 - - [19/Apr/2021 19:26:45] "[33mGET /order HTTP/1.1[0m" 404 -
2021-04-19 19:26:48,390 INFO werkzeug 127.0.0.1 - - [19/Apr/2021 19:26:48] "[37mGET /user_orders HTTP/1.1[0m" 200 -
2021-04-19 19:26:49,594 INFO werkzeug 127.0.0.1 - - [19/Apr/2021 19:26:49] "[37mGET / HTTP/1.1[0m" 200 -
2021-04-19 19:27:04,450 INFO werkzeug  * Running on http://127.0.0.1:8080/ (Press CTRL+C to quit)
2021-04-19 19:27:07,832 INFO werkzeug 127.0.0.1 - - [19/Apr/2021 19:27:07] "[37mGET / HTTP/1.1[0m" 200 -
2021-04-19 19:27:07,991 INFO werkzeug 127.0.0.1 - - [19/Apr/2021 19:27:07] "[33mGET /favicon.ico HTTP/1.1[0m" 404 -
2021-04-19 19:27:09,037 INFO werkzeug 127.0.0.1 - - [19/Apr/2021 19:27:09] "[37mGET /user_profile HTTP/1.1[0m" 200 -
2021-04-19 19:27:09,902 INFO werkzeug 127.0.0.1 - - [19/Apr/2021 19:27:09] "[37mGET /user_orders HTTP/1.1[0m" 200 -
2021-04-19 19:27:10,798 INFO werkzeug 127.0.0.1 - - [19/Apr/2021 19:27:10] "[37mGET /user_profile HTTP/1.1[0m" 200 -
2021-04-19 19:27:12,147 INFO werkzeug 127.0.0.1 - - [19/Apr/2021 19:27:12] "[33mGET /order HTTP/1.1[0m" 404 -
2021-04-19 19:27:14,648 INFO werkzeug 127.0.0.1 - - [19/Apr/2021 19:27:14] "[37mGET /favourites HTTP/1.1[0m" 200 -
2021-04-19 19:27:15,594 INFO werkzeug 127.0.0.1 - - [19/Apr/2021 19:27:15] "[37mGET /user_profile HTTP/1.1[0m" 200 -
2021-04-19 19:27:16,568 INFO werkzeug 127.0.0.1 - - [19/Apr/2021 19:27:16] "[33mGET /add_item HTTP/1.1[0m" 404 -
2021-04-19 19:27:19,386 INFO werkzeug 127.0.0.1 - - [19/Apr/2021 19:27:19] "[32mGET /logout HTTP/1.1[0m" 302 -
2021-04-19 19:27:19,402 INFO werkzeug 127.0.0.1 - - [19/Apr/2021 19:27:19] "[37mGET / HTTP/1.1[0m" 200 -
2021-04-19 19:27:20,886 INFO werkzeug 127.0.0.1 - - [19/Apr/2021 19:27:20] "[37mGET /login HTTP/1.1[0m" 200 -
2021-04-19 19:27:25,577 INFO werkzeug 127.0.0.1 - - [19/Apr/2021 19:27:25] "[32mPOST /login HTTP/1.1[0m" 302 -
2021-04-19 19:27:25,594 INFO werkzeug 127.0.0.1 - - [19/Apr/2021 19:27:25] "[37mGET / HTTP/1.1[0m" 200 -
2021-04-19 19:27:26,965 INFO werkzeug 127.0.0.1 - - [19/Apr/2021 19:27:26] "[37mGET /user_profile HTTP/1.1[0m" 200 -
2021-04-19 19:27:28,407 INFO werkzeug 127.0.0.1 - - [19/Apr/2021 19:27:28] "[37mGET /favourites HTTP/1.1[0m" 200 -
2021-04-19 19:27:29,248 INFO werkzeug 127.0.0.1 - - [19/Apr/2021 19:27:29] "[37mGET /user_profile HTTP/1.1[0m" 200 -
2021-04-19 19:27:31,173 INFO werkzeug 127.0.0.1 - - [19/Apr/2021 19:27:31] "[32mGET /logout HTTP/1.1[0m" 302 -
2021-04-19 19:27:31,190 INFO werkzeug 127.0.0.1 - - [19/Apr/2021 19:27:31] "[37mGET / HTTP/1.1[0m" 200 -
2021-04-19 19:34:38,410 INFO werkzeug  * Running on http://127.0.0.1:8080/ (Press CTRL+C to quit)
2021-04-19 19:34:41,428 INFO werkzeug 127.0.0.1 - - [19/Apr/2021 19:34:41] "[37mGET / HTTP/1.1[0m" 200 -
2021-04-19 19:34:41,681 INFO werkzeug 127.0.0.1 - - [19/Apr/2021 19:34:41] "[33mGET /favicon.ico HTTP/1.1[0m" 404 -
2021-04-19 19:34:42,831 INFO werkzeug 127.0.0.1 - - [19/Apr/2021 19:34:42] "[37mGET /login HTTP/1.1[0m" 200 -
2021-04-19 19:34:46,425 INFO werkzeug 127.0.0.1 - - [19/Apr/2021 19:34:46] "[32mPOST /login HTTP/1.1[0m" 302 -
2021-04-19 19:34:46,445 INFO werkzeug 127.0.0.1 - - [19/Apr/2021 19:34:46] "[37mGET / HTTP/1.1[0m" 200 -
2021-04-19 19:34:48,311 INFO werkzeug 127.0.0.1 - - [19/Apr/2021 19:34:48] "[37mGET /user_profile HTTP/1.1[0m" 200 -
2021-04-19 19:34:50,178 INFO werkzeug 127.0.0.1 - - [19/Apr/2021 19:34:50] "[37mGET /user_orders HTTP/1.1[0m" 200 -
2021-04-19 19:34:54,096 INFO werkzeug 127.0.0.1 - - [19/Apr/2021 19:34:54] "[37mGET /user_orders HTTP/1.1[0m" 200 -
2021-04-19 19:34:54,347 INFO werkzeug 127.0.0.1 - - [19/Apr/2021 19:34:54] "[33mGET /favicon.ico HTTP/1.1[0m" 404 -
2021-04-19 19:35:34,531 INFO werkzeug 127.0.0.1 - - [19/Apr/2021 19:35:34] "[37mGET /user_profile HTTP/1.1[0m" 200 -
2021-04-19 19:35:40,698 INFO werkzeug 127.0.0.1 - - [19/Apr/2021 19:35:40] "[32mGET /logout HTTP/1.1[0m" 302 -
2021-04-19 19:35:40,716 INFO werkzeug 127.0.0.1 - - [19/Apr/2021 19:35:40] "[37mGET / HTTP/1.1[0m" 200 -
2021-04-19 19:36:50,844 INFO werkzeug  * Running on http://127.0.0.1:8080/ (Press CTRL+C to quit)
2021-04-19 19:36:54,096 INFO werkzeug 127.0.0.1 - - [19/Apr/2021 19:36:54] "[37mGET / HTTP/1.1[0m" 200 -
2021-04-19 19:36:54,223 INFO werkzeug 127.0.0.1 - - [19/Apr/2021 19:36:54] "[33mGET /favicon.ico HTTP/1.1[0m" 404 -
2021-04-19 19:36:57,327 INFO werkzeug 127.0.0.1 - - [19/Apr/2021 19:36:57] "[37mGET /login HTTP/1.1[0m" 200 -
2021-04-19 19:36:59,800 INFO werkzeug 127.0.0.1 - - [19/Apr/2021 19:36:59] "[32mPOST /login HTTP/1.1[0m" 302 -
2021-04-19 19:36:59,818 INFO werkzeug 127.0.0.1 - - [19/Apr/2021 19:36:59] "[37mGET / HTTP/1.1[0m" 200 -
2021-04-19 19:37:01,257 INFO werkzeug 127.0.0.1 - - [19/Apr/2021 19:37:01] "[37mGET /user_profile HTTP/1.1[0m" 200 -
2021-04-19 19:37:02,608 INFO werkzeug 127.0.0.1 - - [19/Apr/2021 19:37:02] "[37mGET /user_orders HTTP/1.1[0m" 200 -
2021-04-19 19:37:05,622 INFO werkzeug 127.0.0.1 - - [19/Apr/2021 19:37:05] "[37mGET /user_profile HTTP/1.1[0m" 200 -
2021-04-19 19:37:07,046 INFO werkzeug 127.0.0.1 - - [19/Apr/2021 19:37:07] "[37mGET /favourites HTTP/1.1[0m" 200 -
2021-04-19 19:37:07,833 INFO werkzeug 127.0.0.1 - - [19/Apr/2021 19:37:07] "[37mGET /user_profile HTTP/1.1[0m" 200 -
2021-04-19 19:37:09,586 INFO werkzeug 127.0.0.1 - - [19/Apr/2021 19:37:09] "[37mGET / HTTP/1.1[0m" 200 -
2021-04-19 19:37:11,620 INFO werkzeug 127.0.0.1 - - [19/Apr/2021 19:37:11] "[37mGET /user_profile HTTP/1.1[0m" 200 -
2021-04-19 19:37:12,618 INFO werkzeug 127.0.0.1 - - [19/Apr/2021 19:37:12] "[32mGET /logout HTTP/1.1[0m" 302 -
2021-04-19 19:37:12,636 INFO werkzeug 127.0.0.1 - - [19/Apr/2021 19:37:12] "[37mGET / HTTP/1.1[0m" 200 -
2021-04-19 19:39:06,472 INFO werkzeug  * Running on http://127.0.0.1:8080/ (Press CTRL+C to quit)
2021-04-19 19:40:37,291 INFO werkzeug  * Running on http://127.0.0.1:8080/ (Press CTRL+C to quit)
2021-04-19 19:40:40,235 INFO werkzeug 127.0.0.1 - - [19/Apr/2021 19:40:40] "[37mGET / HTTP/1.1[0m" 200 -
2021-04-19 19:40:40,432 INFO werkzeug 127.0.0.1 - - [19/Apr/2021 19:40:40] "[33mGET /favicon.ico HTTP/1.1[0m" 404 -
2021-04-19 19:40:41,388 INFO werkzeug 127.0.0.1 - - [19/Apr/2021 19:40:41] "[37mGET /login HTTP/1.1[0m" 200 -
2021-04-19 19:40:44,895 INFO werkzeug 127.0.0.1 - - [19/Apr/2021 19:40:44] "[32mPOST /login HTTP/1.1[0m" 302 -
2021-04-19 19:40:44,908 INFO werkzeug 127.0.0.1 - - [19/Apr/2021 19:40:44] "[37mGET / HTTP/1.1[0m" 200 -
2021-04-19 19:40:46,399 INFO werkzeug 127.0.0.1 - - [19/Apr/2021 19:40:46] "[37mGET /user_profile HTTP/1.1[0m" 200 -
2021-04-19 19:40:47,368 INFO werkzeug 127.0.0.1 - - [19/Apr/2021 19:40:47] "[37mGET /user_orders HTTP/1.1[0m" 200 -
2021-04-19 19:41:02,804 INFO werkzeug 127.0.0.1 - - [19/Apr/2021 19:41:02] "[33mGET //orders/1 HTTP/1.1[0m" 404 -
2021-04-19 19:41:02,808 ERROR main Exception on /order_finish/1 [GET]
Traceback (most recent call last):
  File "C:\Users\GF63\AppData\Local\Programs\Python\Python39\lib\site-packages\flask\app.py", line 2447, in wsgi_app
    response = self.full_dispatch_request()
  File "C:\Users\GF63\AppData\Local\Programs\Python\Python39\lib\site-packages\flask\app.py", line 1952, in full_dispatch_request
    rv = self.handle_user_exception(e)
  File "C:\Users\GF63\AppData\Local\Programs\Python\Python39\lib\site-packages\flask\app.py", line 1821, in handle_user_exception
    reraise(exc_type, exc_value, tb)
  File "C:\Users\GF63\AppData\Local\Programs\Python\Python39\lib\site-packages\flask\_compat.py", line 39, in reraise
    raise value
  File "C:\Users\GF63\AppData\Local\Programs\Python\Python39\lib\site-packages\flask\app.py", line 1950, in full_dispatch_request
    rv = self.dispatch_request()
  File "C:\Users\GF63\AppData\Local\Programs\Python\Python39\lib\site-packages\flask\app.py", line 1936, in dispatch_request
    return self.view_functions[rule.endpoint](**req.view_args)
  File "C:\Users\GF63\PycharmProjects\shop_project\main.py", line 206, in order_make_finish
    order = get(API_SERVER + f'/orders/{order_id}').json()['Order']
KeyError: 'Order'
2021-04-19 19:41:02,811 INFO werkzeug 127.0.0.1 - - [19/Apr/2021 19:41:02] "[35m[1mGET /order_finish/1 HTTP/1.1[0m" 500 -
2021-04-19 19:41:05,545 INFO werkzeug 127.0.0.1 - - [19/Apr/2021 19:41:05] "[37mGET /user_profile HTTP/1.1[0m" 200 -
2021-04-19 19:41:06,837 INFO werkzeug 127.0.0.1 - - [19/Apr/2021 19:41:06] "[32mGET /logout HTTP/1.1[0m" 302 -
2021-04-19 19:41:06,860 INFO werkzeug 127.0.0.1 - - [19/Apr/2021 19:41:06] "[37mGET / HTTP/1.1[0m" 200 -
2021-04-19 20:04:55,852 INFO werkzeug  * Running on http://127.0.0.1:8080/ (Press CTRL+C to quit)
2021-04-19 20:05:04,699 INFO werkzeug 127.0.0.1 - - [19/Apr/2021 20:05:04] "[37mGET / HTTP/1.1[0m" 200 -
2021-04-19 20:05:04,825 INFO werkzeug 127.0.0.1 - - [19/Apr/2021 20:05:04] "[33mGET /favicon.ico HTTP/1.1[0m" 404 -
2021-04-19 20:05:07,320 INFO werkzeug 127.0.0.1 - - [19/Apr/2021 20:05:07] "[37mGET / HTTP/1.1[0m" 200 -
2021-04-19 20:05:07,574 INFO werkzeug 127.0.0.1 - - [19/Apr/2021 20:05:07] "[33mGET /favicon.ico HTTP/1.1[0m" 404 -
2021-04-19 20:07:24,058 INFO werkzeug 127.0.0.1 - - [19/Apr/2021 20:07:24] "[37mGET /register HTTP/1.1[0m" 200 -
2021-04-19 20:07:34,822 INFO werkzeug 127.0.0.1 - - [19/Apr/2021 20:07:34] "[37mGET / HTTP/1.1[0m" 200 -
2021-04-19 20:07:37,121 INFO werkzeug 127.0.0.1 - - [19/Apr/2021 20:07:37] "[37mGET /login HTTP/1.1[0m" 200 -
2021-04-19 20:07:38,246 INFO werkzeug 127.0.0.1 - - [19/Apr/2021 20:07:38] "[37mGET / HTTP/1.1[0m" 200 -
2021-04-19 20:07:39,793 INFO werkzeug 127.0.0.1 - - [19/Apr/2021 20:07:39] "[37mGET /login HTTP/1.1[0m" 200 -
2021-04-19 20:07:44,562 INFO werkzeug 127.0.0.1 - - [19/Apr/2021 20:07:44] "[32mPOST /login HTTP/1.1[0m" 302 -
2021-04-19 20:07:44,571 INFO werkzeug 127.0.0.1 - - [19/Apr/2021 20:07:44] "[37mGET / HTTP/1.1[0m" 200 -
2021-04-19 20:07:48,636 INFO werkzeug 127.0.0.1 - - [19/Apr/2021 20:07:48] "[37mGET /user_profile HTTP/1.1[0m" 200 -
2021-04-19 20:07:55,120 INFO werkzeug 127.0.0.1 - - [19/Apr/2021 20:07:55] "[37mGET /favourites HTTP/1.1[0m" 200 -
2021-04-19 20:07:56,339 INFO werkzeug 127.0.0.1 - - [19/Apr/2021 20:07:56] "[37mGET /user_profile HTTP/1.1[0m" 200 -
2021-04-19 20:07:57,888 INFO werkzeug 127.0.0.1 - - [19/Apr/2021 20:07:57] "[33mGET /order HTTP/1.1[0m" 404 -
2021-04-19 20:08:00,145 INFO werkzeug 127.0.0.1 - - [19/Apr/2021 20:08:00] "[37mGET /user_orders HTTP/1.1[0m" 200 -
2021-04-19 20:08:08,899 INFO werkzeug 127.0.0.1 - - [19/Apr/2021 20:08:08] "[37mGET /user_profile HTTP/1.1[0m" 200 -
2021-04-19 20:08:12,174 INFO werkzeug 127.0.0.1 - - [19/Apr/2021 20:08:12] "[37mGET / HTTP/1.1[0m" 200 -
2021-04-19 20:08:13,898 INFO werkzeug 127.0.0.1 - - [19/Apr/2021 20:08:13] "[37mGET /user_profile HTTP/1.1[0m" 200 -
2021-04-19 20:08:14,740 INFO werkzeug 127.0.0.1 - - [19/Apr/2021 20:08:14] "[32mGET /logout HTTP/1.1[0m" 302 -
2021-04-19 20:08:14,752 INFO werkzeug 127.0.0.1 - - [19/Apr/2021 20:08:14] "[37mGET / HTTP/1.1[0m" 200 -
2021-04-19 20:08:16,241 INFO werkzeug 127.0.0.1 - - [19/Apr/2021 20:08:16] "[37mGET /login HTTP/1.1[0m" 200 -
2021-04-19 20:08:19,413 INFO werkzeug 127.0.0.1 - - [19/Apr/2021 20:08:19] "[32mPOST /login HTTP/1.1[0m" 302 -
2021-04-19 20:08:19,423 INFO werkzeug 127.0.0.1 - - [19/Apr/2021 20:08:19] "[37mGET / HTTP/1.1[0m" 200 -
2021-04-19 20:08:22,049 INFO werkzeug 127.0.0.1 - - [19/Apr/2021 20:08:22] "[37mGET /user_profile HTTP/1.1[0m" 200 -
2021-04-19 20:08:26,058 INFO werkzeug 127.0.0.1 - - [19/Apr/2021 20:08:26] "[37mGET /favourites HTTP/1.1[0m" 200 -
2021-04-19 20:08:26,741 INFO werkzeug 127.0.0.1 - - [19/Apr/2021 20:08:26] "[37mGET /user_profile HTTP/1.1[0m" 200 -
2021-04-19 20:08:29,066 INFO werkzeug 127.0.0.1 - - [19/Apr/2021 20:08:29] "[32mGET /logout HTTP/1.1[0m" 302 -
2021-04-19 20:08:29,074 INFO werkzeug 127.0.0.1 - - [19/Apr/2021 20:08:29] "[37mGET / HTTP/1.1[0m" 200 -
2021-04-21 19:05:33,927 INFO werkzeug  * Running on http://127.0.0.1:8080/ (Press CTRL+C to quit)
2021-04-21 19:05:53,172 INFO werkzeug 127.0.0.1 - - [21/Apr/2021 19:05:53] "[37mGET / HTTP/1.1[0m" 200 -
2021-04-21 19:05:53,366 INFO werkzeug 127.0.0.1 - - [21/Apr/2021 19:05:53] "[33mGET /favicon.ico HTTP/1.1[0m" 404 -
2021-04-21 19:06:06,653 INFO werkzeug 127.0.0.1 - - [21/Apr/2021 19:06:06] "[37mGET /register HTTP/1.1[0m" 200 -
2021-04-21 19:06:10,247 INFO werkzeug 127.0.0.1 - - [21/Apr/2021 19:06:10] "[37mGET / HTTP/1.1[0m" 200 -
2021-04-21 19:06:10,994 INFO werkzeug 127.0.0.1 - - [21/Apr/2021 19:06:10] "[37mGET /login HTTP/1.1[0m" 200 -
2021-04-21 19:06:14,302 INFO werkzeug 127.0.0.1 - - [21/Apr/2021 19:06:14] "[32mPOST /login HTTP/1.1[0m" 302 -
2021-04-21 19:06:14,316 INFO werkzeug 127.0.0.1 - - [21/Apr/2021 19:06:14] "[37mGET / HTTP/1.1[0m" 200 -
2021-04-21 19:06:15,852 INFO werkzeug 127.0.0.1 - - [21/Apr/2021 19:06:15] "[37mGET /user_profile HTTP/1.1[0m" 200 -
2021-04-21 19:06:21,598 INFO werkzeug 127.0.0.1 - - [21/Apr/2021 19:06:21] "[37mGET /user_orders HTTP/1.1[0m" 200 -
2021-04-21 19:06:27,534 INFO werkzeug 127.0.0.1 - - [21/Apr/2021 19:06:27] "[37mGET /user_profile HTTP/1.1[0m" 200 -
2021-04-21 19:06:30,009 INFO werkzeug 127.0.0.1 - - [21/Apr/2021 19:06:30] "[32mGET /logout HTTP/1.1[0m" 302 -
2021-04-21 19:06:30,019 INFO werkzeug 127.0.0.1 - - [21/Apr/2021 19:06:30] "[37mGET / HTTP/1.1[0m" 200 -
2021-04-23 21:29:07,242 INFO werkzeug  * Running on http://127.0.0.1:8080/ (Press CTRL+C to quit)
2021-04-23 21:29:21,269 INFO werkzeug 127.0.0.1 - - [23/Apr/2021 21:29:21] "[37mGET / HTTP/1.1[0m" 200 -
2021-04-23 21:29:21,450 INFO werkzeug 127.0.0.1 - - [23/Apr/2021 21:29:21] "[33mGET /favicon.ico HTTP/1.1[0m" 404 -
2021-04-23 21:29:22,951 INFO werkzeug 127.0.0.1 - - [23/Apr/2021 21:29:22] "[37mGET /login HTTP/1.1[0m" 200 -
2021-04-23 21:29:24,982 INFO werkzeug 127.0.0.1 - - [23/Apr/2021 21:29:24] "[37mGET /login HTTP/1.1[0m" 200 -
2021-04-23 21:29:28,098 INFO werkzeug 127.0.0.1 - - [23/Apr/2021 21:29:28] "[32mPOST /login HTTP/1.1[0m" 302 -
2021-04-23 21:29:28,108 INFO werkzeug 127.0.0.1 - - [23/Apr/2021 21:29:28] "[37mGET / HTTP/1.1[0m" 200 -
2021-04-23 21:29:31,404 INFO werkzeug 127.0.0.1 - - [23/Apr/2021 21:29:31] "[37mGET /user_profile HTTP/1.1[0m" 200 -
2021-04-23 21:29:32,851 ERROR main Exception on /favourites [GET]
Traceback (most recent call last):
  File "C:\Users\GF63\AppData\Local\Programs\Python\Python39\lib\site-packages\flask\app.py", line 2447, in wsgi_app
    response = self.full_dispatch_request()
  File "C:\Users\GF63\AppData\Local\Programs\Python\Python39\lib\site-packages\flask\app.py", line 1952, in full_dispatch_request
    rv = self.handle_user_exception(e)
  File "C:\Users\GF63\AppData\Local\Programs\Python\Python39\lib\site-packages\flask\app.py", line 1821, in handle_user_exception
    reraise(exc_type, exc_value, tb)
  File "C:\Users\GF63\AppData\Local\Programs\Python\Python39\lib\site-packages\flask\_compat.py", line 39, in reraise
    raise value
  File "C:\Users\GF63\AppData\Local\Programs\Python\Python39\lib\site-packages\flask\app.py", line 1950, in full_dispatch_request
    rv = self.dispatch_request()
  File "C:\Users\GF63\AppData\Local\Programs\Python\Python39\lib\site-packages\flask\app.py", line 1936, in dispatch_request
    return self.view_functions[rule.endpoint](**req.view_args)
  File "C:\Users\GF63\PycharmProjects\shop_project\main.py", line 523, in view_favourites
    return render_template('view_items_in_favourites.html', items=items)
  File "C:\Users\GF63\AppData\Local\Programs\Python\Python39\lib\site-packages\flask\templating.py", line 138, in render_template
    ctx.app.jinja_env.get_or_select_template(template_name_or_list),
  File "C:\Users\GF63\AppData\Local\Programs\Python\Python39\lib\site-packages\jinja2\environment.py", line 930, in get_or_select_template
    return self.get_template(template_name_or_list, parent, globals)
  File "C:\Users\GF63\AppData\Local\Programs\Python\Python39\lib\site-packages\jinja2\environment.py", line 883, in get_template
    return self._load_template(name, self.make_globals(globals))
  File "C:\Users\GF63\AppData\Local\Programs\Python\Python39\lib\site-packages\jinja2\environment.py", line 857, in _load_template
    template = self.loader.load(self, name, globals)
  File "C:\Users\GF63\AppData\Local\Programs\Python\Python39\lib\site-packages\jinja2\loaders.py", line 115, in load
    source, filename, uptodate = self.get_source(environment, name)
  File "C:\Users\GF63\AppData\Local\Programs\Python\Python39\lib\site-packages\flask\templating.py", line 60, in get_source
    return self._get_source_fast(environment, template)
  File "C:\Users\GF63\AppData\Local\Programs\Python\Python39\lib\site-packages\flask\templating.py", line 89, in _get_source_fast
    raise TemplateNotFound(template)
jinja2.exceptions.TemplateNotFound: view_items_in_favourites.html
2021-04-23 21:29:32,854 INFO werkzeug 127.0.0.1 - - [23/Apr/2021 21:29:32] "[35m[1mGET /favourites HTTP/1.1[0m" 500 -
2021-04-23 21:29:37,768 ERROR main Exception on /add_item [GET]
Traceback (most recent call last):
  File "C:\Users\GF63\AppData\Local\Programs\Python\Python39\lib\site-packages\flask\app.py", line 2447, in wsgi_app
    response = self.full_dispatch_request()
  File "C:\Users\GF63\AppData\Local\Programs\Python\Python39\lib\site-packages\flask\app.py", line 1952, in full_dispatch_request
    rv = self.handle_user_exception(e)
  File "C:\Users\GF63\AppData\Local\Programs\Python\Python39\lib\site-packages\flask\app.py", line 1821, in handle_user_exception
    reraise(exc_type, exc_value, tb)
  File "C:\Users\GF63\AppData\Local\Programs\Python\Python39\lib\site-packages\flask\_compat.py", line 39, in reraise
    raise value
  File "C:\Users\GF63\AppData\Local\Programs\Python\Python39\lib\site-packages\flask\app.py", line 1950, in full_dispatch_request
    rv = self.dispatch_request()
  File "C:\Users\GF63\AppData\Local\Programs\Python\Python39\lib\site-packages\flask\app.py", line 1936, in dispatch_request
    return self.view_functions[rule.endpoint](**req.view_args)
  File "C:\Users\GF63\PycharmProjects\shop_project\main.py", line 567, in add_item
    return render_template('add_item.html', title='Добавление товара', form=form)
  File "C:\Users\GF63\AppData\Local\Programs\Python\Python39\lib\site-packages\flask\templating.py", line 138, in render_template
    ctx.app.jinja_env.get_or_select_template(template_name_or_list),
  File "C:\Users\GF63\AppData\Local\Programs\Python\Python39\lib\site-packages\jinja2\environment.py", line 930, in get_or_select_template
    return self.get_template(template_name_or_list, parent, globals)
  File "C:\Users\GF63\AppData\Local\Programs\Python\Python39\lib\site-packages\jinja2\environment.py", line 883, in get_template
    return self._load_template(name, self.make_globals(globals))
  File "C:\Users\GF63\AppData\Local\Programs\Python\Python39\lib\site-packages\jinja2\environment.py", line 857, in _load_template
    template = self.loader.load(self, name, globals)
  File "C:\Users\GF63\AppData\Local\Programs\Python\Python39\lib\site-packages\jinja2\loaders.py", line 115, in load
    source, filename, uptodate = self.get_source(environment, name)
  File "C:\Users\GF63\AppData\Local\Programs\Python\Python39\lib\site-packages\flask\templating.py", line 60, in get_source
    return self._get_source_fast(environment, template)
  File "C:\Users\GF63\AppData\Local\Programs\Python\Python39\lib\site-packages\flask\templating.py", line 89, in _get_source_fast
    raise TemplateNotFound(template)
jinja2.exceptions.TemplateNotFound: add_item.html
2021-04-23 21:29:37,769 INFO werkzeug 127.0.0.1 - - [23/Apr/2021 21:29:37] "[35m[1mGET /add_item HTTP/1.1[0m" 500 -
2021-04-23 21:29:41,810 ERROR main Exception on /add_item [GET]
Traceback (most recent call last):
  File "C:\Users\GF63\AppData\Local\Programs\Python\Python39\lib\site-packages\flask\app.py", line 2447, in wsgi_app
    response = self.full_dispatch_request()
  File "C:\Users\GF63\AppData\Local\Programs\Python\Python39\lib\site-packages\flask\app.py", line 1952, in full_dispatch_request
    rv = self.handle_user_exception(e)
  File "C:\Users\GF63\AppData\Local\Programs\Python\Python39\lib\site-packages\flask\app.py", line 1821, in handle_user_exception
    reraise(exc_type, exc_value, tb)
  File "C:\Users\GF63\AppData\Local\Programs\Python\Python39\lib\site-packages\flask\_compat.py", line 39, in reraise
    raise value
  File "C:\Users\GF63\AppData\Local\Programs\Python\Python39\lib\site-packages\flask\app.py", line 1950, in full_dispatch_request
    rv = self.dispatch_request()
  File "C:\Users\GF63\AppData\Local\Programs\Python\Python39\lib\site-packages\flask\app.py", line 1936, in dispatch_request
    return self.view_functions[rule.endpoint](**req.view_args)
  File "C:\Users\GF63\PycharmProjects\shop_project\main.py", line 567, in add_item
    return render_template('add_item.html', title='Добавление товара', form=form)
  File "C:\Users\GF63\AppData\Local\Programs\Python\Python39\lib\site-packages\flask\templating.py", line 138, in render_template
    ctx.app.jinja_env.get_or_select_template(template_name_or_list),
  File "C:\Users\GF63\AppData\Local\Programs\Python\Python39\lib\site-packages\jinja2\environment.py", line 930, in get_or_select_template
    return self.get_template(template_name_or_list, parent, globals)
  File "C:\Users\GF63\AppData\Local\Programs\Python\Python39\lib\site-packages\jinja2\environment.py", line 883, in get_template
    return self._load_template(name, self.make_globals(globals))
  File "C:\Users\GF63\AppData\Local\Programs\Python\Python39\lib\site-packages\jinja2\environment.py", line 857, in _load_template
    template = self.loader.load(self, name, globals)
  File "C:\Users\GF63\AppData\Local\Programs\Python\Python39\lib\site-packages\jinja2\loaders.py", line 115, in load
    source, filename, uptodate = self.get_source(environment, name)
  File "C:\Users\GF63\AppData\Local\Programs\Python\Python39\lib\site-packages\flask\templating.py", line 60, in get_source
    return self._get_source_fast(environment, template)
  File "C:\Users\GF63\AppData\Local\Programs\Python\Python39\lib\site-packages\flask\templating.py", line 89, in _get_source_fast
    raise TemplateNotFound(template)
jinja2.exceptions.TemplateNotFound: add_item.html
2021-04-23 21:29:41,811 INFO werkzeug 127.0.0.1 - - [23/Apr/2021 21:29:41] "[35m[1mGET /add_item HTTP/1.1[0m" 500 -
2021-04-23 21:29:44,174 INFO werkzeug 127.0.0.1 - - [23/Apr/2021 21:29:44] "[37mGET /user_orders HTTP/1.1[0m" 200 -
2021-04-23 21:29:47,123 INFO werkzeug 127.0.0.1 - - [23/Apr/2021 21:29:47] "[37mGET /user_profile HTTP/1.1[0m" 200 -
2021-04-23 21:29:48,311 ERROR main Exception on /order [GET]
Traceback (most recent call last):
  File "C:\Users\GF63\AppData\Local\Programs\Python\Python39\lib\site-packages\flask\app.py", line 2447, in wsgi_app
    response = self.full_dispatch_request()
  File "C:\Users\GF63\AppData\Local\Programs\Python\Python39\lib\site-packages\flask\app.py", line 1952, in full_dispatch_request
    rv = self.handle_user_exception(e)
  File "C:\Users\GF63\AppData\Local\Programs\Python\Python39\lib\site-packages\flask\app.py", line 1821, in handle_user_exception
    reraise(exc_type, exc_value, tb)
  File "C:\Users\GF63\AppData\Local\Programs\Python\Python39\lib\site-packages\flask\_compat.py", line 39, in reraise
    raise value
  File "C:\Users\GF63\AppData\Local\Programs\Python\Python39\lib\site-packages\flask\app.py", line 1950, in full_dispatch_request
    rv = self.dispatch_request()
  File "C:\Users\GF63\AppData\Local\Programs\Python\Python39\lib\site-packages\flask\app.py", line 1936, in dispatch_request
    return self.view_functions[rule.endpoint](**req.view_args)
  File "C:\Users\GF63\PycharmProjects\shop_project\main.py", line 348, in view_order
    items_id_in_order = order.items_id.split(DIVISOR)
AttributeError: 'NoneType' object has no attribute 'items_id'
2021-04-23 21:29:48,312 INFO werkzeug 127.0.0.1 - - [23/Apr/2021 21:29:48] "[35m[1mGET /order HTTP/1.1[0m" 500 -
2021-04-23 21:29:51,735 INFO werkzeug 127.0.0.1 - - [23/Apr/2021 21:29:51] "[32mGET /logout HTTP/1.1[0m" 302 -
2021-04-23 21:29:51,747 INFO werkzeug 127.0.0.1 - - [23/Apr/2021 21:29:51] "[37mGET / HTTP/1.1[0m" 200 -
2021-04-23 21:29:53,193 INFO werkzeug 127.0.0.1 - - [23/Apr/2021 21:29:53] "[37mGET /login HTTP/1.1[0m" 200 -
2021-04-23 21:29:55,369 INFO werkzeug 127.0.0.1 - - [23/Apr/2021 21:29:55] "[32mPOST /login HTTP/1.1[0m" 302 -
2021-04-23 21:29:55,379 INFO werkzeug 127.0.0.1 - - [23/Apr/2021 21:29:55] "[37mGET / HTTP/1.1[0m" 200 -
2021-04-23 21:29:56,553 INFO werkzeug 127.0.0.1 - - [23/Apr/2021 21:29:56] "[37mGET /user_profile HTTP/1.1[0m" 200 -
2021-04-23 21:29:57,379 ERROR main Exception on /favourites [GET]
Traceback (most recent call last):
  File "C:\Users\GF63\AppData\Local\Programs\Python\Python39\lib\site-packages\flask\app.py", line 2447, in wsgi_app
    response = self.full_dispatch_request()
  File "C:\Users\GF63\AppData\Local\Programs\Python\Python39\lib\site-packages\flask\app.py", line 1952, in full_dispatch_request
    rv = self.handle_user_exception(e)
  File "C:\Users\GF63\AppData\Local\Programs\Python\Python39\lib\site-packages\flask\app.py", line 1821, in handle_user_exception
    reraise(exc_type, exc_value, tb)
  File "C:\Users\GF63\AppData\Local\Programs\Python\Python39\lib\site-packages\flask\_compat.py", line 39, in reraise
    raise value
  File "C:\Users\GF63\AppData\Local\Programs\Python\Python39\lib\site-packages\flask\app.py", line 1950, in full_dispatch_request
    rv = self.dispatch_request()
  File "C:\Users\GF63\AppData\Local\Programs\Python\Python39\lib\site-packages\flask\app.py", line 1936, in dispatch_request
    return self.view_functions[rule.endpoint](**req.view_args)
  File "C:\Users\GF63\PycharmProjects\shop_project\main.py", line 523, in view_favourites
    return render_template('view_items_in_favourites.html', items=items)
  File "C:\Users\GF63\AppData\Local\Programs\Python\Python39\lib\site-packages\flask\templating.py", line 138, in render_template
    ctx.app.jinja_env.get_or_select_template(template_name_or_list),
  File "C:\Users\GF63\AppData\Local\Programs\Python\Python39\lib\site-packages\jinja2\environment.py", line 930, in get_or_select_template
    return self.get_template(template_name_or_list, parent, globals)
  File "C:\Users\GF63\AppData\Local\Programs\Python\Python39\lib\site-packages\jinja2\environment.py", line 883, in get_template
    return self._load_template(name, self.make_globals(globals))
  File "C:\Users\GF63\AppData\Local\Programs\Python\Python39\lib\site-packages\jinja2\environment.py", line 857, in _load_template
    template = self.loader.load(self, name, globals)
  File "C:\Users\GF63\AppData\Local\Programs\Python\Python39\lib\site-packages\jinja2\loaders.py", line 115, in load
    source, filename, uptodate = self.get_source(environment, name)
  File "C:\Users\GF63\AppData\Local\Programs\Python\Python39\lib\site-packages\flask\templating.py", line 60, in get_source
    return self._get_source_fast(environment, template)
  File "C:\Users\GF63\AppData\Local\Programs\Python\Python39\lib\site-packages\flask\templating.py", line 89, in _get_source_fast
    raise TemplateNotFound(template)
jinja2.exceptions.TemplateNotFound: view_items_in_favourites.html
2021-04-23 21:29:57,380 INFO werkzeug 127.0.0.1 - - [23/Apr/2021 21:29:57] "[35m[1mGET /favourites HTTP/1.1[0m" 500 -
2021-04-23 21:29:59,287 INFO werkzeug 127.0.0.1 - - [23/Apr/2021 21:29:59] "[32mGET /logout HTTP/1.1[0m" 302 -
2021-04-23 21:29:59,298 INFO werkzeug 127.0.0.1 - - [23/Apr/2021 21:29:59] "[37mGET / HTTP/1.1[0m" 200 -
2021-04-24 15:33:49,787 INFO werkzeug  * Running on http://127.0.0.1:8080/ (Press CTRL+C to quit)
2021-04-24 15:33:54,632 INFO werkzeug 127.0.0.1 - - [24/Apr/2021 15:33:54] "[37mGET / HTTP/1.1[0m" 200 -
2021-04-24 15:33:54,849 INFO werkzeug 127.0.0.1 - - [24/Apr/2021 15:33:54] "[33mGET /favicon.ico HTTP/1.1[0m" 404 -
2021-04-24 15:33:56,154 INFO werkzeug 127.0.0.1 - - [24/Apr/2021 15:33:56] "[37mGET /login HTTP/1.1[0m" 200 -
2021-04-24 15:33:58,829 INFO werkzeug 127.0.0.1 - - [24/Apr/2021 15:33:58] "[32mPOST /login HTTP/1.1[0m" 302 -
2021-04-24 15:33:58,848 INFO werkzeug 127.0.0.1 - - [24/Apr/2021 15:33:58] "[37mGET / HTTP/1.1[0m" 200 -
2021-04-24 15:34:00,279 INFO werkzeug 127.0.0.1 - - [24/Apr/2021 15:34:00] "[37mGET /user_profile HTTP/1.1[0m" 200 -
2021-04-24 15:34:01,404 INFO werkzeug 127.0.0.1 - - [24/Apr/2021 15:34:01] "[37mGET /favourites HTTP/1.1[0m" 200 -
2021-04-24 15:34:02,863 INFO werkzeug 127.0.0.1 - - [24/Apr/2021 15:34:02] "[37mGET /user_profile HTTP/1.1[0m" 200 -
2021-04-24 15:34:04,347 INFO werkzeug 127.0.0.1 - - [24/Apr/2021 15:34:04] "[32mGET /logout HTTP/1.1[0m" 302 -
2021-04-24 15:34:04,354 INFO werkzeug 127.0.0.1 - - [24/Apr/2021 15:34:04] "[37mGET / HTTP/1.1[0m" 200 -
2021-04-24 15:34:05,800 INFO werkzeug 127.0.0.1 - - [24/Apr/2021 15:34:05] "[37mGET /login HTTP/1.1[0m" 200 -
2021-04-24 15:34:11,559 INFO werkzeug 127.0.0.1 - - [24/Apr/2021 15:34:11] "[32mPOST /login HTTP/1.1[0m" 302 -
2021-04-24 15:34:11,579 INFO werkzeug 127.0.0.1 - - [24/Apr/2021 15:34:11] "[37mGET / HTTP/1.1[0m" 200 -
2021-04-24 15:34:14,264 INFO werkzeug 127.0.0.1 - - [24/Apr/2021 15:34:14] "[37mGET /user_profile HTTP/1.1[0m" 200 -
2021-04-24 15:34:15,140 INFO werkzeug 127.0.0.1 - - [24/Apr/2021 15:34:15] "[37mGET /favourites HTTP/1.1[0m" 200 -
2021-04-24 15:34:16,170 INFO werkzeug 127.0.0.1 - - [24/Apr/2021 15:34:16] "[37mGET /user_profile HTTP/1.1[0m" 200 -
2021-04-24 15:34:18,378 INFO werkzeug 127.0.0.1 - - [24/Apr/2021 15:34:18] "[32mGET /logout HTTP/1.1[0m" 302 -
2021-04-24 15:34:18,386 INFO werkzeug 127.0.0.1 - - [24/Apr/2021 15:34:18] "[37mGET / HTTP/1.1[0m" 200 -
2021-04-24 15:54:29,575 INFO werkzeug  * Running on http://127.0.0.1:8080/ (Press CTRL+C to quit)
2021-04-24 15:54:32,524 INFO werkzeug 127.0.0.1 - - [24/Apr/2021 15:54:32] "[37mGET / HTTP/1.1[0m" 200 -
2021-04-24 15:54:32,904 INFO werkzeug 127.0.0.1 - - [24/Apr/2021 15:54:32] "[33mGET /favicon.ico HTTP/1.1[0m" 404 -
2021-04-24 15:54:33,993 INFO werkzeug 127.0.0.1 - - [24/Apr/2021 15:54:33] "[37mGET /login HTTP/1.1[0m" 200 -
2021-04-24 15:54:37,564 INFO werkzeug 127.0.0.1 - - [24/Apr/2021 15:54:37] "[32mPOST /login HTTP/1.1[0m" 302 -
2021-04-24 15:54:37,580 INFO werkzeug 127.0.0.1 - - [24/Apr/2021 15:54:37] "[37mGET / HTTP/1.1[0m" 200 -
2021-04-24 15:54:38,577 INFO werkzeug 127.0.0.1 - - [24/Apr/2021 15:54:38] "[37mGET /user_profile HTTP/1.1[0m" 200 -
2021-04-24 15:54:40,258 INFO werkzeug 127.0.0.1 - - [24/Apr/2021 15:54:40] "[37mGET /add_item HTTP/1.1[0m" 200 -
2021-04-24 15:54:47,816 INFO werkzeug 127.0.0.1 - - [24/Apr/2021 15:54:47] "[32mGET /logout HTTP/1.1[0m" 302 -
2021-04-24 15:54:47,823 INFO werkzeug 127.0.0.1 - - [24/Apr/2021 15:54:47] "[37mGET / HTTP/1.1[0m" 200 -
2021-04-24 16:40:25,981 INFO werkzeug  * Running on http://127.0.0.1:8080/ (Press CTRL+C to quit)
2021-04-24 16:40:29,113 INFO werkzeug 127.0.0.1 - - [24/Apr/2021 16:40:29] "[37mGET / HTTP/1.1[0m" 200 -
2021-04-24 16:40:29,406 INFO werkzeug 127.0.0.1 - - [24/Apr/2021 16:40:29] "[33mGET /favicon.ico HTTP/1.1[0m" 404 -
2021-04-24 16:40:31,484 INFO werkzeug 127.0.0.1 - - [24/Apr/2021 16:40:31] "[37mGET /login HTTP/1.1[0m" 200 -
2021-04-24 16:40:35,341 INFO werkzeug 127.0.0.1 - - [24/Apr/2021 16:40:35] "[32mPOST /login HTTP/1.1[0m" 302 -
2021-04-24 16:40:35,358 INFO werkzeug 127.0.0.1 - - [24/Apr/2021 16:40:35] "[37mGET / HTTP/1.1[0m" 200 -
2021-04-24 16:40:36,844 INFO werkzeug 127.0.0.1 - - [24/Apr/2021 16:40:36] "[37mGET /user_profile HTTP/1.1[0m" 200 -
2021-04-24 16:40:37,832 INFO werkzeug 127.0.0.1 - - [24/Apr/2021 16:40:37] "[37mGET /order HTTP/1.1[0m" 200 -
2021-04-24 16:40:40,077 INFO werkzeug 127.0.0.1 - - [24/Apr/2021 16:40:40] "[37mGET / HTTP/1.1[0m" 200 -
2021-04-24 16:40:45,320 INFO werkzeug 127.0.0.1 - - [24/Apr/2021 16:40:45] "[37mGET /user_profile HTTP/1.1[0m" 200 -
2021-04-24 16:40:46,748 INFO werkzeug 127.0.0.1 - - [24/Apr/2021 16:40:46] "[37mGET /favourites HTTP/1.1[0m" 200 -
2021-04-24 16:40:47,750 INFO werkzeug 127.0.0.1 - - [24/Apr/2021 16:40:47] "[37mGET /user_profile HTTP/1.1[0m" 200 -
2021-04-24 16:40:50,305 INFO werkzeug 127.0.0.1 - - [24/Apr/2021 16:40:50] "[32mGET /logout HTTP/1.1[0m" 302 -
2021-04-24 16:40:50,316 INFO werkzeug 127.0.0.1 - - [24/Apr/2021 16:40:50] "[37mGET / HTTP/1.1[0m" 200 -
2021-04-24 17:06:39,689 INFO werkzeug  * Running on http://127.0.0.1:8080/ (Press CTRL+C to quit)
2021-04-24 17:06:44,356 INFO werkzeug 127.0.0.1 - - [24/Apr/2021 17:06:44] "[33mGET //countries/1 HTTP/1.1[0m" 404 -
2021-04-24 17:06:44,362 ERROR main Exception on / [GET]
Traceback (most recent call last):
  File "C:\Users\GF63\AppData\Local\Programs\Python\Python39\lib\site-packages\flask\app.py", line 2447, in wsgi_app
    response = self.full_dispatch_request()
  File "C:\Users\GF63\AppData\Local\Programs\Python\Python39\lib\site-packages\flask\app.py", line 1952, in full_dispatch_request
    rv = self.handle_user_exception(e)
  File "C:\Users\GF63\AppData\Local\Programs\Python\Python39\lib\site-packages\flask_restful\__init__.py", line 272, in error_router
    return original_handler(e)
  File "C:\Users\GF63\AppData\Local\Programs\Python\Python39\lib\site-packages\flask\app.py", line 1821, in handle_user_exception
    reraise(exc_type, exc_value, tb)
  File "C:\Users\GF63\AppData\Local\Programs\Python\Python39\lib\site-packages\flask\_compat.py", line 39, in reraise
    raise value
  File "C:\Users\GF63\AppData\Local\Programs\Python\Python39\lib\site-packages\flask\app.py", line 1950, in full_dispatch_request
    rv = self.dispatch_request()
  File "C:\Users\GF63\AppData\Local\Programs\Python\Python39\lib\site-packages\flask\app.py", line 1936, in dispatch_request
    return self.view_functions[rule.endpoint](**req.view_args)
  File "C:\Users\GF63\PycharmProjects\shop_project\main.py", line 342, in main_page
    cash_data_for_country[item.country_id] = country['Country'].get('title', 'Неизвестно')
KeyError: 'Country'
2021-04-24 17:06:44,379 INFO werkzeug 127.0.0.1 - - [24/Apr/2021 17:06:44] "[35m[1mGET / HTTP/1.1[0m" 500 -
2021-04-24 17:06:44,600 INFO werkzeug 127.0.0.1 - - [24/Apr/2021 17:06:44] "[33mGET /favicon.ico HTTP/1.1[0m" 404 -
2021-04-24 17:09:40,622 INFO werkzeug  * Running on http://127.0.0.1:8080/ (Press CTRL+C to quit)
2021-04-24 17:09:44,015 INFO werkzeug 127.0.0.1 - - [24/Apr/2021 17:09:44] "[33mGET //countries/1 HTTP/1.1[0m" 404 -
2021-04-24 17:09:44,019 ERROR main Exception on / [GET]
Traceback (most recent call last):
  File "C:\Users\GF63\AppData\Local\Programs\Python\Python39\lib\site-packages\flask\app.py", line 2447, in wsgi_app
    response = self.full_dispatch_request()
  File "C:\Users\GF63\AppData\Local\Programs\Python\Python39\lib\site-packages\flask\app.py", line 1952, in full_dispatch_request
    rv = self.handle_user_exception(e)
  File "C:\Users\GF63\AppData\Local\Programs\Python\Python39\lib\site-packages\flask_restful\__init__.py", line 272, in error_router
    return original_handler(e)
  File "C:\Users\GF63\AppData\Local\Programs\Python\Python39\lib\site-packages\flask\app.py", line 1821, in handle_user_exception
    reraise(exc_type, exc_value, tb)
  File "C:\Users\GF63\AppData\Local\Programs\Python\Python39\lib\site-packages\flask\_compat.py", line 39, in reraise
    raise value
  File "C:\Users\GF63\AppData\Local\Programs\Python\Python39\lib\site-packages\flask\app.py", line 1950, in full_dispatch_request
    rv = self.dispatch_request()
  File "C:\Users\GF63\AppData\Local\Programs\Python\Python39\lib\site-packages\flask\app.py", line 1936, in dispatch_request
    return self.view_functions[rule.endpoint](**req.view_args)
  File "C:\Users\GF63\PycharmProjects\shop_project\main.py", line 342, in main_page
    cash_data_for_country[item.country_id] = country[1].get('title', 'Неизвестно')
KeyError: 1
2021-04-24 17:09:44,020 INFO werkzeug 127.0.0.1 - - [24/Apr/2021 17:09:44] "[35m[1mGET / HTTP/1.1[0m" 500 -
2021-04-24 17:09:44,131 INFO werkzeug 127.0.0.1 - - [24/Apr/2021 17:09:44] "[33mGET /favicon.ico HTTP/1.1[0m" 404 -
2021-04-24 17:09:44,720 INFO werkzeug 127.0.0.1 - - [24/Apr/2021 17:09:44] "[33mGET //countries/1 HTTP/1.1[0m" 404 -
2021-04-24 17:09:44,724 ERROR main Exception on / [GET]
Traceback (most recent call last):
  File "C:\Users\GF63\AppData\Local\Programs\Python\Python39\lib\site-packages\flask\app.py", line 2447, in wsgi_app
    response = self.full_dispatch_request()
  File "C:\Users\GF63\AppData\Local\Programs\Python\Python39\lib\site-packages\flask\app.py", line 1952, in full_dispatch_request
    rv = self.handle_user_exception(e)
  File "C:\Users\GF63\AppData\Local\Programs\Python\Python39\lib\site-packages\flask_restful\__init__.py", line 272, in error_router
    return original_handler(e)
  File "C:\Users\GF63\AppData\Local\Programs\Python\Python39\lib\site-packages\flask\app.py", line 1821, in handle_user_exception
    reraise(exc_type, exc_value, tb)
  File "C:\Users\GF63\AppData\Local\Programs\Python\Python39\lib\site-packages\flask\_compat.py", line 39, in reraise
    raise value
  File "C:\Users\GF63\AppData\Local\Programs\Python\Python39\lib\site-packages\flask\app.py", line 1950, in full_dispatch_request
    rv = self.dispatch_request()
  File "C:\Users\GF63\AppData\Local\Programs\Python\Python39\lib\site-packages\flask\app.py", line 1936, in dispatch_request
    return self.view_functions[rule.endpoint](**req.view_args)
  File "C:\Users\GF63\PycharmProjects\shop_project\main.py", line 342, in main_page
    cash_data_for_country[item.country_id] = country[1].get('title', 'Неизвестно')
KeyError: 1
2021-04-24 17:09:44,725 INFO werkzeug 127.0.0.1 - - [24/Apr/2021 17:09:44] "[35m[1mGET / HTTP/1.1[0m" 500 -
2021-04-24 17:09:44,823 INFO werkzeug 127.0.0.1 - - [24/Apr/2021 17:09:44] "[33mGET /favicon.ico HTTP/1.1[0m" 404 -
2021-04-24 17:09:45,035 INFO werkzeug 127.0.0.1 - - [24/Apr/2021 17:09:45] "[33mGET //countries/1 HTTP/1.1[0m" 404 -
2021-04-24 17:09:45,041 ERROR main Exception on / [GET]
Traceback (most recent call last):
  File "C:\Users\GF63\AppData\Local\Programs\Python\Python39\lib\site-packages\flask\app.py", line 2447, in wsgi_app
    response = self.full_dispatch_request()
  File "C:\Users\GF63\AppData\Local\Programs\Python\Python39\lib\site-packages\flask\app.py", line 1952, in full_dispatch_request
    rv = self.handle_user_exception(e)
  File "C:\Users\GF63\AppData\Local\Programs\Python\Python39\lib\site-packages\flask_restful\__init__.py", line 272, in error_router
    return original_handler(e)
  File "C:\Users\GF63\AppData\Local\Programs\Python\Python39\lib\site-packages\flask\app.py", line 1821, in handle_user_exception
    reraise(exc_type, exc_value, tb)
  File "C:\Users\GF63\AppData\Local\Programs\Python\Python39\lib\site-packages\flask\_compat.py", line 39, in reraise
    raise value
  File "C:\Users\GF63\AppData\Local\Programs\Python\Python39\lib\site-packages\flask\app.py", line 1950, in full_dispatch_request
    rv = self.dispatch_request()
  File "C:\Users\GF63\AppData\Local\Programs\Python\Python39\lib\site-packages\flask\app.py", line 1936, in dispatch_request
    return self.view_functions[rule.endpoint](**req.view_args)
  File "C:\Users\GF63\PycharmProjects\shop_project\main.py", line 342, in main_page
    cash_data_for_country[item.country_id] = country[1].get('title', 'Неизвестно')
KeyError: 1
2021-04-24 17:09:45,044 INFO werkzeug 127.0.0.1 - - [24/Apr/2021 17:09:45] "[35m[1mGET / HTTP/1.1[0m" 500 -
2021-04-24 17:09:45,123 INFO werkzeug 127.0.0.1 - - [24/Apr/2021 17:09:45] "[33mGET /favicon.ico HTTP/1.1[0m" 404 -
2021-04-24 17:09:45,270 INFO werkzeug 127.0.0.1 - - [24/Apr/2021 17:09:45] "[33mGET //countries/1 HTTP/1.1[0m" 404 -
2021-04-24 17:09:45,275 ERROR main Exception on / [GET]
Traceback (most recent call last):
  File "C:\Users\GF63\AppData\Local\Programs\Python\Python39\lib\site-packages\flask\app.py", line 2447, in wsgi_app
    response = self.full_dispatch_request()
  File "C:\Users\GF63\AppData\Local\Programs\Python\Python39\lib\site-packages\flask\app.py", line 1952, in full_dispatch_request
    rv = self.handle_user_exception(e)
  File "C:\Users\GF63\AppData\Local\Programs\Python\Python39\lib\site-packages\flask_restful\__init__.py", line 272, in error_router
    return original_handler(e)
  File "C:\Users\GF63\AppData\Local\Programs\Python\Python39\lib\site-packages\flask\app.py", line 1821, in handle_user_exception
    reraise(exc_type, exc_value, tb)
  File "C:\Users\GF63\AppData\Local\Programs\Python\Python39\lib\site-packages\flask\_compat.py", line 39, in reraise
    raise value
  File "C:\Users\GF63\AppData\Local\Programs\Python\Python39\lib\site-packages\flask\app.py", line 1950, in full_dispatch_request
    rv = self.dispatch_request()
  File "C:\Users\GF63\AppData\Local\Programs\Python\Python39\lib\site-packages\flask\app.py", line 1936, in dispatch_request
    return self.view_functions[rule.endpoint](**req.view_args)
  File "C:\Users\GF63\PycharmProjects\shop_project\main.py", line 342, in main_page
    cash_data_for_country[item.country_id] = country[1].get('title', 'Неизвестно')
KeyError: 1
2021-04-24 17:09:45,277 INFO werkzeug 127.0.0.1 - - [24/Apr/2021 17:09:45] "[35m[1mGET / HTTP/1.1[0m" 500 -
2021-04-24 17:09:45,378 INFO werkzeug 127.0.0.1 - - [24/Apr/2021 17:09:45] "[33mGET /favicon.ico HTTP/1.1[0m" 404 -
2021-04-24 17:11:04,759 INFO werkzeug  * Running on http://127.0.0.1:8080/ (Press CTRL+C to quit)
2021-04-24 17:11:08,741 INFO werkzeug 127.0.0.1 - - [24/Apr/2021 17:11:08] "[37mGET /register HTTP/1.1[0m" 200 -
2021-04-24 17:11:10,223 INFO werkzeug 127.0.0.1 - - [24/Apr/2021 17:11:10] "[37mGET /login HTTP/1.1[0m" 200 -
2021-04-24 17:11:13,986 INFO werkzeug 127.0.0.1 - - [24/Apr/2021 17:11:13] "[32mPOST /login HTTP/1.1[0m" 302 -
2021-04-24 17:11:14,021 INFO werkzeug 127.0.0.1 - - [24/Apr/2021 17:11:14] "[33mGET //countries/1 HTTP/1.1[0m" 404 -
2021-04-24 17:11:14,027 ERROR main Exception on / [GET]
Traceback (most recent call last):
  File "C:\Users\GF63\AppData\Local\Programs\Python\Python39\lib\site-packages\flask\app.py", line 2447, in wsgi_app
    response = self.full_dispatch_request()
  File "C:\Users\GF63\AppData\Local\Programs\Python\Python39\lib\site-packages\flask\app.py", line 1952, in full_dispatch_request
    rv = self.handle_user_exception(e)
  File "C:\Users\GF63\AppData\Local\Programs\Python\Python39\lib\site-packages\flask_restful\__init__.py", line 272, in error_router
    return original_handler(e)
  File "C:\Users\GF63\AppData\Local\Programs\Python\Python39\lib\site-packages\flask\app.py", line 1821, in handle_user_exception
    reraise(exc_type, exc_value, tb)
  File "C:\Users\GF63\AppData\Local\Programs\Python\Python39\lib\site-packages\flask\_compat.py", line 39, in reraise
    raise value
  File "C:\Users\GF63\AppData\Local\Programs\Python\Python39\lib\site-packages\flask\app.py", line 1950, in full_dispatch_request
    rv = self.dispatch_request()
  File "C:\Users\GF63\AppData\Local\Programs\Python\Python39\lib\site-packages\flask\app.py", line 1936, in dispatch_request
    return self.view_functions[rule.endpoint](**req.view_args)
  File "C:\Users\GF63\PycharmProjects\shop_project\main.py", line 342, in main_page
    cash_data_for_country[item.country_id] = country[1].get('title', 'Неизвестно')
KeyError: 1
2021-04-24 17:11:14,037 INFO werkzeug 127.0.0.1 - - [24/Apr/2021 17:11:14] "[35m[1mGET / HTTP/1.1[0m" 500 -
2021-04-24 17:11:19,337 INFO werkzeug 127.0.0.1 - - [24/Apr/2021 17:11:19] "[37mGET /user_profile HTTP/1.1[0m" 200 -
2021-04-24 17:11:41,830 INFO werkzeug 127.0.0.1 - - [24/Apr/2021 17:11:41] "[37mGET /user_profile HTTP/1.1[0m" 200 -
2021-04-24 17:11:42,144 INFO werkzeug 127.0.0.1 - - [24/Apr/2021 17:11:42] "[33mGET /favicon.ico HTTP/1.1[0m" 404 -
2021-04-24 17:11:43,014 INFO werkzeug 127.0.0.1 - - [24/Apr/2021 17:11:43] "[37mGET /favourites HTTP/1.1[0m" 200 -
2021-04-24 17:11:45,005 INFO werkzeug 127.0.0.1 - - [24/Apr/2021 17:11:45] "[37mGET /user_profile HTTP/1.1[0m" 200 -
2021-04-24 17:11:48,107 INFO werkzeug 127.0.0.1 - - [24/Apr/2021 17:11:48] "[33mGET //countries/1 HTTP/1.1[0m" 404 -
2021-04-24 17:11:48,109 ERROR main Exception on / [GET]
Traceback (most recent call last):
  File "C:\Users\GF63\AppData\Local\Programs\Python\Python39\lib\site-packages\flask\app.py", line 2447, in wsgi_app
    response = self.full_dispatch_request()
  File "C:\Users\GF63\AppData\Local\Programs\Python\Python39\lib\site-packages\flask\app.py", line 1952, in full_dispatch_request
    rv = self.handle_user_exception(e)
  File "C:\Users\GF63\AppData\Local\Programs\Python\Python39\lib\site-packages\flask_restful\__init__.py", line 272, in error_router
    return original_handler(e)
  File "C:\Users\GF63\AppData\Local\Programs\Python\Python39\lib\site-packages\flask\app.py", line 1821, in handle_user_exception
    reraise(exc_type, exc_value, tb)
  File "C:\Users\GF63\AppData\Local\Programs\Python\Python39\lib\site-packages\flask\_compat.py", line 39, in reraise
    raise value
  File "C:\Users\GF63\AppData\Local\Programs\Python\Python39\lib\site-packages\flask\app.py", line 1950, in full_dispatch_request
    rv = self.dispatch_request()
  File "C:\Users\GF63\AppData\Local\Programs\Python\Python39\lib\site-packages\flask\app.py", line 1936, in dispatch_request
    return self.view_functions[rule.endpoint](**req.view_args)
  File "C:\Users\GF63\PycharmProjects\shop_project\main.py", line 342, in main_page
    cash_data_for_country[item.country_id] = country[1].get('title', 'Неизвестно')
KeyError: 1
2021-04-24 17:11:48,110 INFO werkzeug 127.0.0.1 - - [24/Apr/2021 17:11:48] "[35m[1mGET / HTTP/1.1[0m" 500 -
2021-04-24 17:16:13,103 INFO werkzeug  * Running on http://127.0.0.1:8080/ (Press CTRL+C to quit)
2021-04-24 17:16:15,928 INFO werkzeug 127.0.0.1 - - [24/Apr/2021 17:16:15] "[33mGET //countries/1 HTTP/1.1[0m" 404 -
2021-04-24 17:16:15,932 ERROR main Exception on / [GET]
Traceback (most recent call last):
  File "C:\Users\GF63\AppData\Local\Programs\Python\Python39\lib\site-packages\flask\app.py", line 2447, in wsgi_app
    response = self.full_dispatch_request()
  File "C:\Users\GF63\AppData\Local\Programs\Python\Python39\lib\site-packages\flask\app.py", line 1952, in full_dispatch_request
    rv = self.handle_user_exception(e)
  File "C:\Users\GF63\AppData\Local\Programs\Python\Python39\lib\site-packages\flask_restful\__init__.py", line 272, in error_router
    return original_handler(e)
  File "C:\Users\GF63\AppData\Local\Programs\Python\Python39\lib\site-packages\flask\app.py", line 1821, in handle_user_exception
    reraise(exc_type, exc_value, tb)
  File "C:\Users\GF63\AppData\Local\Programs\Python\Python39\lib\site-packages\flask\_compat.py", line 39, in reraise
    raise value
  File "C:\Users\GF63\AppData\Local\Programs\Python\Python39\lib\site-packages\flask\app.py", line 1950, in full_dispatch_request
    rv = self.dispatch_request()
  File "C:\Users\GF63\AppData\Local\Programs\Python\Python39\lib\site-packages\flask\app.py", line 1936, in dispatch_request
    return self.view_functions[rule.endpoint](**req.view_args)
  File "C:\Users\GF63\PycharmProjects\shop_project\main.py", line 342, in main_page
    cash_data_for_country[item.country_id] = country["Country"].get('title', 'Неизвестно')
KeyError: 'Country'
2021-04-24 17:16:15,933 INFO werkzeug 127.0.0.1 - - [24/Apr/2021 17:16:15] "[35m[1mGET / HTTP/1.1[0m" 500 -
2021-04-24 17:16:16,054 INFO werkzeug 127.0.0.1 - - [24/Apr/2021 17:16:16] "[33mGET /favicon.ico HTTP/1.1[0m" 404 -
2021-04-24 17:26:38,682 INFO werkzeug  * Running on http://127.0.0.1:8080/ (Press CTRL+C to quit)
2021-04-24 17:26:47,871 INFO werkzeug 127.0.0.1 - - [24/Apr/2021 17:26:47] "[33mGET //countries/1 HTTP/1.1[0m" 404 -
2021-04-24 17:26:47,874 ERROR main Exception on / [GET]
Traceback (most recent call last):
  File "C:\Users\GF63\AppData\Local\Programs\Python\Python39\lib\site-packages\flask\app.py", line 2447, in wsgi_app
    response = self.full_dispatch_request()
  File "C:\Users\GF63\AppData\Local\Programs\Python\Python39\lib\site-packages\flask\app.py", line 1952, in full_dispatch_request
    rv = self.handle_user_exception(e)
  File "C:\Users\GF63\AppData\Local\Programs\Python\Python39\lib\site-packages\flask_restful\__init__.py", line 272, in error_router
    return original_handler(e)
  File "C:\Users\GF63\AppData\Local\Programs\Python\Python39\lib\site-packages\flask\app.py", line 1821, in handle_user_exception
    reraise(exc_type, exc_value, tb)
  File "C:\Users\GF63\AppData\Local\Programs\Python\Python39\lib\site-packages\flask\_compat.py", line 39, in reraise
    raise value
  File "C:\Users\GF63\AppData\Local\Programs\Python\Python39\lib\site-packages\flask\app.py", line 1950, in full_dispatch_request
    rv = self.dispatch_request()
  File "C:\Users\GF63\AppData\Local\Programs\Python\Python39\lib\site-packages\flask\app.py", line 1936, in dispatch_request
    return self.view_functions[rule.endpoint](**req.view_args)
  File "C:\Users\GF63\PycharmProjects\shop_project\main.py", line 343, in main_page
    cash_data_for_country[item.country_id] = country["Country"].get('title', 'Неизвестно')
KeyError: 'Country'
2021-04-24 17:26:47,877 INFO werkzeug 127.0.0.1 - - [24/Apr/2021 17:26:47] "[35m[1mGET / HTTP/1.1[0m" 500 -
2021-04-24 17:26:47,917 INFO werkzeug 127.0.0.1 - - [24/Apr/2021 17:26:47] "[33mGET /favicon.ico HTTP/1.1[0m" 404 -
2021-04-24 17:28:46,822 INFO werkzeug  * Running on http://127.0.0.1:8080/ (Press CTRL+C to quit)
2021-04-24 17:28:48,683 INFO werkzeug 127.0.0.1 - - [24/Apr/2021 17:28:48] "[37mGET / HTTP/1.1[0m" 200 -
2021-04-24 17:28:48,845 INFO werkzeug 127.0.0.1 - - [24/Apr/2021 17:28:48] "[33mGET /favicon.ico HTTP/1.1[0m" 404 -
2021-04-24 17:33:32,729 INFO werkzeug  * Running on http://127.0.0.1:8080/ (Press CTRL+C to quit)
2021-04-24 17:33:37,149 INFO werkzeug 127.0.0.1 - - [24/Apr/2021 17:33:37] "[33mGET //countries/1 HTTP/1.1[0m" 404 -
2021-04-24 17:33:37,166 INFO werkzeug 127.0.0.1 - - [24/Apr/2021 17:33:37] "[37mGET / HTTP/1.1[0m" 200 -
2021-04-24 17:33:37,294 INFO werkzeug 127.0.0.1 - - [24/Apr/2021 17:33:37] "[33mGET /favicon.ico HTTP/1.1[0m" 404 -
2021-04-24 18:12:42,458 INFO werkzeug  * Running on http://127.0.0.1:8080/ (Press CTRL+C to quit)
2021-04-24 18:12:48,226 ERROR main Exception on / [GET]
Traceback (most recent call last):
  File "C:\Users\GF63\AppData\Local\Programs\Python\Python39\lib\site-packages\flask\app.py", line 2447, in wsgi_app
    response = self.full_dispatch_request()
  File "C:\Users\GF63\AppData\Local\Programs\Python\Python39\lib\site-packages\flask\app.py", line 1952, in full_dispatch_request
    rv = self.handle_user_exception(e)
  File "C:\Users\GF63\AppData\Local\Programs\Python\Python39\lib\site-packages\flask_restful\__init__.py", line 272, in error_router
    return original_handler(e)
  File "C:\Users\GF63\AppData\Local\Programs\Python\Python39\lib\site-packages\flask\app.py", line 1821, in handle_user_exception
    reraise(exc_type, exc_value, tb)
  File "C:\Users\GF63\AppData\Local\Programs\Python\Python39\lib\site-packages\flask\_compat.py", line 39, in reraise
    raise value
  File "C:\Users\GF63\AppData\Local\Programs\Python\Python39\lib\site-packages\flask\app.py", line 1950, in full_dispatch_request
    rv = self.dispatch_request()
  File "C:\Users\GF63\AppData\Local\Programs\Python\Python39\lib\site-packages\flask\app.py", line 1936, in dispatch_request
    return self.view_functions[rule.endpoint](**req.view_args)
  File "C:\Users\GF63\PycharmProjects\shop_project\main.py", line 343, in main_page
    country = get(API_SERVER + f'/countries/{item.country_id}').json()
  File "C:\Users\GF63\AppData\Local\Programs\Python\Python39\lib\site-packages\requests\models.py", line 900, in json
    return complexjson.loads(self.text, **kwargs)
  File "C:\Users\GF63\AppData\Local\Programs\Python\Python39\lib\json\__init__.py", line 346, in loads
    return _default_decoder.decode(s)
  File "C:\Users\GF63\AppData\Local\Programs\Python\Python39\lib\json\decoder.py", line 337, in decode
    obj, end = self.raw_decode(s, idx=_w(s, 0).end())
  File "C:\Users\GF63\AppData\Local\Programs\Python\Python39\lib\json\decoder.py", line 355, in raw_decode
    raise JSONDecodeError("Expecting value", s, err.value) from None
json.decoder.JSONDecodeError: Expecting value: line 1 column 1 (char 0)
2021-04-24 18:12:48,266 INFO werkzeug 127.0.0.1 - - [24/Apr/2021 18:12:48] "[35m[1mGET / HTTP/1.1[0m" 500 -
2021-04-24 18:12:48,363 INFO werkzeug 127.0.0.1 - - [24/Apr/2021 18:12:48] "[33mGET /favicon.ico HTTP/1.1[0m" 404 -
2021-04-24 18:13:36,376 INFO werkzeug  * Running on http://127.0.0.1:8080/ (Press CTRL+C to quit)
2021-04-24 18:13:39,803 ERROR main Exception on / [GET]
Traceback (most recent call last):
  File "C:\Users\GF63\AppData\Local\Programs\Python\Python39\lib\site-packages\flask\app.py", line 2447, in wsgi_app
    response = self.full_dispatch_request()
  File "C:\Users\GF63\AppData\Local\Programs\Python\Python39\lib\site-packages\flask\app.py", line 1952, in full_dispatch_request
    rv = self.handle_user_exception(e)
  File "C:\Users\GF63\AppData\Local\Programs\Python\Python39\lib\site-packages\flask_restful\__init__.py", line 272, in error_router
    return original_handler(e)
  File "C:\Users\GF63\AppData\Local\Programs\Python\Python39\lib\site-packages\flask\app.py", line 1821, in handle_user_exception
    reraise(exc_type, exc_value, tb)
  File "C:\Users\GF63\AppData\Local\Programs\Python\Python39\lib\site-packages\flask\_compat.py", line 39, in reraise
    raise value
  File "C:\Users\GF63\AppData\Local\Programs\Python\Python39\lib\site-packages\flask\app.py", line 1950, in full_dispatch_request
    rv = self.dispatch_request()
  File "C:\Users\GF63\AppData\Local\Programs\Python\Python39\lib\site-packages\flask\app.py", line 1936, in dispatch_request
    return self.view_functions[rule.endpoint](**req.view_args)
  File "C:\Users\GF63\PycharmProjects\shop_project\main.py", line 342, in main_page
    country = get(API_SERVER + f'/countries/{item.country_id}').json()
  File "C:\Users\GF63\AppData\Local\Programs\Python\Python39\lib\site-packages\requests\models.py", line 900, in json
    return complexjson.loads(self.text, **kwargs)
  File "C:\Users\GF63\AppData\Local\Programs\Python\Python39\lib\json\__init__.py", line 346, in loads
    return _default_decoder.decode(s)
  File "C:\Users\GF63\AppData\Local\Programs\Python\Python39\lib\json\decoder.py", line 337, in decode
    obj, end = self.raw_decode(s, idx=_w(s, 0).end())
  File "C:\Users\GF63\AppData\Local\Programs\Python\Python39\lib\json\decoder.py", line 355, in raw_decode
    raise JSONDecodeError("Expecting value", s, err.value) from None
json.decoder.JSONDecodeError: Expecting value: line 1 column 1 (char 0)
2021-04-24 18:13:39,816 INFO werkzeug 127.0.0.1 - - [24/Apr/2021 18:13:39] "[35m[1mGET / HTTP/1.1[0m" 500 -
2021-04-24 18:13:39,908 INFO werkzeug 127.0.0.1 - - [24/Apr/2021 18:13:39] "[33mGET /favicon.ico HTTP/1.1[0m" 404 -
2021-04-24 20:32:28,008 INFO werkzeug  * Running on http://127.0.0.1:8080/ (Press CTRL+C to quit)
2021-04-24 20:32:33,943 ERROR werkzeug 127.0.0.1 - - [24/Apr/2021 20:32:33] code 400, message Bad request version ('}+HE\xfb\xee\x14\xe1±\xdcB\xa2z\x9c\xe1\xd0$7\x15<\x8d"k\xd4"\x00V\x13\x02\x13\x03\x13\x01\xc0,\xc00\xc0+\xc0/\xcc©\xcc\xa8\x00\x9f\x00\x9e\xcc\xaa\xc0\xaf\xc0\xad\xc0®\xc0¬\xc0$\xc0(\xc0#\xc0\'\xc0')
2021-04-24 20:32:33,944 INFO werkzeug 127.0.0.1 - - [24/Apr/2021 20:32:33] "[35m[1m  \xfch5\xf2¬m\xe5\xbd\xeb\xaf\xfb\x88\x86\xd0&G\xed#_\xcd1Q\xeeu0\xea \xde\x83 \x90}+HE\xfb\xee\xe1±\xdcB\xa2z\x9c\xe1\xd0$7<\x8d"k\xd4" V\xc0,\xc00\xc0+\xc0/\xcc©\xcc\xa8 \x9f \x9e\xcc\xaa\xc0\xaf\xc0­\xc0®\xc0¬\xc0$\xc0(\xc0#\xc0'\xc0[0m" HTTPStatus.BAD_REQUEST -
2021-04-24 20:32:33,944 ERROR main Exception on / [GET]
Traceback (most recent call last):
  File "C:\Users\GF63\AppData\Local\Programs\Python\Python39\lib\site-packages\urllib3\connectionpool.py", line 699, in urlopen
    httplib_response = self._make_request(
  File "C:\Users\GF63\AppData\Local\Programs\Python\Python39\lib\site-packages\urllib3\connectionpool.py", line 382, in _make_request
    self._validate_conn(conn)
  File "C:\Users\GF63\AppData\Local\Programs\Python\Python39\lib\site-packages\urllib3\connectionpool.py", line 1010, in _validate_conn
    conn.connect()
  File "C:\Users\GF63\AppData\Local\Programs\Python\Python39\lib\site-packages\urllib3\connection.py", line 411, in connect
    self.sock = ssl_wrap_socket(
  File "C:\Users\GF63\AppData\Local\Programs\Python\Python39\lib\site-packages\urllib3\util\ssl_.py", line 432, in ssl_wrap_socket
    ssl_sock = _ssl_wrap_socket_impl(sock, context, tls_in_tls)
  File "C:\Users\GF63\AppData\Local\Programs\Python\Python39\lib\site-packages\urllib3\util\ssl_.py", line 474, in _ssl_wrap_socket_impl
    return ssl_context.wrap_socket(sock)
  File "C:\Users\GF63\AppData\Local\Programs\Python\Python39\lib\ssl.py", line 500, in wrap_socket
    return self.sslsocket_class._create(
  File "C:\Users\GF63\AppData\Local\Programs\Python\Python39\lib\ssl.py", line 1040, in _create
    self.do_handshake()
  File "C:\Users\GF63\AppData\Local\Programs\Python\Python39\lib\ssl.py", line 1309, in do_handshake
    self._sslobj.do_handshake()
ssl.SSLError: [SSL: WRONG_VERSION_NUMBER] wrong version number (_ssl.c:1122)

During handling of the above exception, another exception occurred:

Traceback (most recent call last):
  File "C:\Users\GF63\AppData\Local\Programs\Python\Python39\lib\site-packages\requests\adapters.py", line 439, in send
    resp = conn.urlopen(
  File "C:\Users\GF63\AppData\Local\Programs\Python\Python39\lib\site-packages\urllib3\connectionpool.py", line 755, in urlopen
    retries = retries.increment(
  File "C:\Users\GF63\AppData\Local\Programs\Python\Python39\lib\site-packages\urllib3\util\retry.py", line 573, in increment
    raise MaxRetryError(_pool, url, error or ResponseError(cause))
urllib3.exceptions.MaxRetryError: HTTPSConnectionPool(host='127.0.0.1', port=8080): Max retries exceeded with url: /countries/1 (Caused by SSLError(SSLError(1, '[SSL: WRONG_VERSION_NUMBER] wrong version number (_ssl.c:1122)')))

During handling of the above exception, another exception occurred:

Traceback (most recent call last):
  File "C:\Users\GF63\AppData\Local\Programs\Python\Python39\lib\site-packages\flask\app.py", line 2447, in wsgi_app
    response = self.full_dispatch_request()
  File "C:\Users\GF63\AppData\Local\Programs\Python\Python39\lib\site-packages\flask\app.py", line 1952, in full_dispatch_request
    rv = self.handle_user_exception(e)
  File "C:\Users\GF63\AppData\Local\Programs\Python\Python39\lib\site-packages\flask\app.py", line 1821, in handle_user_exception
    reraise(exc_type, exc_value, tb)
  File "C:\Users\GF63\AppData\Local\Programs\Python\Python39\lib\site-packages\flask\_compat.py", line 39, in reraise
    raise value
  File "C:\Users\GF63\AppData\Local\Programs\Python\Python39\lib\site-packages\flask\app.py", line 1950, in full_dispatch_request
    rv = self.dispatch_request()
  File "C:\Users\GF63\AppData\Local\Programs\Python\Python39\lib\site-packages\flask\app.py", line 1936, in dispatch_request
    return self.view_functions[rule.endpoint](**req.view_args)
  File "C:\Users\GF63\Documents\GitHub\yandex_web_project\main.py", line 342, in main_page
    country = get(API_SERVER + f'/countries/{item.country_id}').json()
  File "C:\Users\GF63\AppData\Local\Programs\Python\Python39\lib\site-packages\requests\api.py", line 76, in get
    return request('get', url, params=params, **kwargs)
  File "C:\Users\GF63\AppData\Local\Programs\Python\Python39\lib\site-packages\requests\api.py", line 61, in request
    return session.request(method=method, url=url, **kwargs)
  File "C:\Users\GF63\AppData\Local\Programs\Python\Python39\lib\site-packages\requests\sessions.py", line 542, in request
    resp = self.send(prep, **send_kwargs)
  File "C:\Users\GF63\AppData\Local\Programs\Python\Python39\lib\site-packages\requests\sessions.py", line 655, in send
    r = adapter.send(request, **kwargs)
  File "C:\Users\GF63\AppData\Local\Programs\Python\Python39\lib\site-packages\requests\adapters.py", line 514, in send
    raise SSLError(e, request=request)
requests.exceptions.SSLError: HTTPSConnectionPool(host='127.0.0.1', port=8080): Max retries exceeded with url: /countries/1 (Caused by SSLError(SSLError(1, '[SSL: WRONG_VERSION_NUMBER] wrong version number (_ssl.c:1122)')))
2021-04-24 20:32:33,971 INFO werkzeug 127.0.0.1 - - [24/Apr/2021 20:32:33] "[35m[1mGET / HTTP/1.1[0m" 500 -
2021-04-24 20:32:34,063 INFO werkzeug 127.0.0.1 - - [24/Apr/2021 20:32:34] "[33mGET /favicon.ico HTTP/1.1[0m" 404 -
2021-04-24 20:32:34,980 ERROR werkzeug 127.0.0.1 - - [24/Apr/2021 20:32:34] code 400, message Bad request version ("y\xbf\x11\xe3ML\x88D\xf5\x18\x8c$\xdb\xd6\xb9W\xaf26s\x990>\xc6<0&\x93\xb9\xcf¤\xda\x00V\x13\x02\x13\x03\x13\x01\xc0,\xc00\xc0+\xc0/\xcc©\xcc\xa8\x00\x9f\x00\x9e\xcc\xaa\xc0\xaf\xc0\xad\xc0®\xc0¬\xc0$\xc0(\xc0#\xc0'\xc0")
2021-04-24 20:32:34,980 INFO werkzeug 127.0.0.1 - - [24/Apr/2021 20:32:34] "[35m[1m  \xfc [\xc4\xe7©G\x86G\xa2's\x85(\x96\xe3\xe8\x99GAp}8\x85\xd6«AO\xc9\xc1 y\xbf\xe3ML\x88D\xf5\x8c$\xdb\xd6\xb9W\xaf26s\x990>\xc6<0&\x93\xb9\xcf¤\xda V\xc0,\xc00\xc0+\xc0/\xcc©\xcc\xa8 \x9f \x9e\xcc\xaa\xc0\xaf\xc0­\xc0®\xc0¬\xc0$\xc0(\xc0#\xc0'\xc0[0m" HTTPStatus.BAD_REQUEST -
2021-04-24 20:32:34,981 ERROR main Exception on / [GET]
Traceback (most recent call last):
  File "C:\Users\GF63\AppData\Local\Programs\Python\Python39\lib\site-packages\urllib3\connectionpool.py", line 699, in urlopen
    httplib_response = self._make_request(
  File "C:\Users\GF63\AppData\Local\Programs\Python\Python39\lib\site-packages\urllib3\connectionpool.py", line 382, in _make_request
    self._validate_conn(conn)
  File "C:\Users\GF63\AppData\Local\Programs\Python\Python39\lib\site-packages\urllib3\connectionpool.py", line 1010, in _validate_conn
    conn.connect()
  File "C:\Users\GF63\AppData\Local\Programs\Python\Python39\lib\site-packages\urllib3\connection.py", line 411, in connect
    self.sock = ssl_wrap_socket(
  File "C:\Users\GF63\AppData\Local\Programs\Python\Python39\lib\site-packages\urllib3\util\ssl_.py", line 432, in ssl_wrap_socket
    ssl_sock = _ssl_wrap_socket_impl(sock, context, tls_in_tls)
  File "C:\Users\GF63\AppData\Local\Programs\Python\Python39\lib\site-packages\urllib3\util\ssl_.py", line 474, in _ssl_wrap_socket_impl
    return ssl_context.wrap_socket(sock)
  File "C:\Users\GF63\AppData\Local\Programs\Python\Python39\lib\ssl.py", line 500, in wrap_socket
    return self.sslsocket_class._create(
  File "C:\Users\GF63\AppData\Local\Programs\Python\Python39\lib\ssl.py", line 1040, in _create
    self.do_handshake()
  File "C:\Users\GF63\AppData\Local\Programs\Python\Python39\lib\ssl.py", line 1309, in do_handshake
    self._sslobj.do_handshake()
ssl.SSLError: [SSL: WRONG_VERSION_NUMBER] wrong version number (_ssl.c:1122)

During handling of the above exception, another exception occurred:

Traceback (most recent call last):
  File "C:\Users\GF63\AppData\Local\Programs\Python\Python39\lib\site-packages\requests\adapters.py", line 439, in send
    resp = conn.urlopen(
  File "C:\Users\GF63\AppData\Local\Programs\Python\Python39\lib\site-packages\urllib3\connectionpool.py", line 755, in urlopen
    retries = retries.increment(
  File "C:\Users\GF63\AppData\Local\Programs\Python\Python39\lib\site-packages\urllib3\util\retry.py", line 573, in increment
    raise MaxRetryError(_pool, url, error or ResponseError(cause))
urllib3.exceptions.MaxRetryError: HTTPSConnectionPool(host='127.0.0.1', port=8080): Max retries exceeded with url: /countries/1 (Caused by SSLError(SSLError(1, '[SSL: WRONG_VERSION_NUMBER] wrong version number (_ssl.c:1122)')))

During handling of the above exception, another exception occurred:

Traceback (most recent call last):
  File "C:\Users\GF63\AppData\Local\Programs\Python\Python39\lib\site-packages\flask\app.py", line 2447, in wsgi_app
    response = self.full_dispatch_request()
  File "C:\Users\GF63\AppData\Local\Programs\Python\Python39\lib\site-packages\flask\app.py", line 1952, in full_dispatch_request
    rv = self.handle_user_exception(e)
  File "C:\Users\GF63\AppData\Local\Programs\Python\Python39\lib\site-packages\flask\app.py", line 1821, in handle_user_exception
    reraise(exc_type, exc_value, tb)
  File "C:\Users\GF63\AppData\Local\Programs\Python\Python39\lib\site-packages\flask\_compat.py", line 39, in reraise
    raise value
  File "C:\Users\GF63\AppData\Local\Programs\Python\Python39\lib\site-packages\flask\app.py", line 1950, in full_dispatch_request
    rv = self.dispatch_request()
  File "C:\Users\GF63\AppData\Local\Programs\Python\Python39\lib\site-packages\flask\app.py", line 1936, in dispatch_request
    return self.view_functions[rule.endpoint](**req.view_args)
  File "C:\Users\GF63\Documents\GitHub\yandex_web_project\main.py", line 342, in main_page
    country = get(API_SERVER + f'/countries/{item.country_id}').json()
  File "C:\Users\GF63\AppData\Local\Programs\Python\Python39\lib\site-packages\requests\api.py", line 76, in get
    return request('get', url, params=params, **kwargs)
  File "C:\Users\GF63\AppData\Local\Programs\Python\Python39\lib\site-packages\requests\api.py", line 61, in request
    return session.request(method=method, url=url, **kwargs)
  File "C:\Users\GF63\AppData\Local\Programs\Python\Python39\lib\site-packages\requests\sessions.py", line 542, in request
    resp = self.send(prep, **send_kwargs)
  File "C:\Users\GF63\AppData\Local\Programs\Python\Python39\lib\site-packages\requests\sessions.py", line 655, in send
    r = adapter.send(request, **kwargs)
  File "C:\Users\GF63\AppData\Local\Programs\Python\Python39\lib\site-packages\requests\adapters.py", line 514, in send
    raise SSLError(e, request=request)
requests.exceptions.SSLError: HTTPSConnectionPool(host='127.0.0.1', port=8080): Max retries exceeded with url: /countries/1 (Caused by SSLError(SSLError(1, '[SSL: WRONG_VERSION_NUMBER] wrong version number (_ssl.c:1122)')))
2021-04-24 20:32:34,983 INFO werkzeug 127.0.0.1 - - [24/Apr/2021 20:32:34] "[35m[1mGET / HTTP/1.1[0m" 500 -
2021-04-24 20:32:35,018 INFO werkzeug 127.0.0.1 - - [24/Apr/2021 20:32:35] "[33mGET /favicon.ico HTTP/1.1[0m" 404 -
2021-04-24 20:32:35,258 ERROR werkzeug 127.0.0.1 - - [24/Apr/2021 20:32:35] code 400, message Bad request version ("\xec\x93\xa3\x8c\x11\x00V\x13\x02\x13\x03\x13\x01\xc0,\xc00\xc0+\xc0/\xcc©\xcc\xa8\x00\x9f\x00\x9e\xcc\xaa\xc0\xaf\xc0\xad\xc0®\xc0¬\xc0$\xc0(\xc0#\xc0'\xc0")
2021-04-24 20:32:35,258 INFO werkzeug 127.0.0.1 - - [24/Apr/2021 20:32:35] "[35m[1m  \xfc\xdcc\xd3\xea\xe5\xaal\xc3*m\x9a\x81"\xc4¶<¤\xe0R\x88\xb8S\xc5\x96\xdb\xd0\x84"\xf5\xea l\xf7tK\x82\xc9brb\xb4Us\xe5\x90\xdbv\xf9I<r\x8f\x86 \xec\x93\xa3\x8c V\xc0,\xc00\xc0+\xc0/\xcc©\xcc\xa8 \x9f \x9e\xcc\xaa\xc0\xaf\xc0­\xc0®\xc0¬\xc0$\xc0(\xc0#\xc0'\xc0[0m" HTTPStatus.BAD_REQUEST -
2021-04-24 20:32:35,259 ERROR main Exception on / [GET]
Traceback (most recent call last):
  File "C:\Users\GF63\AppData\Local\Programs\Python\Python39\lib\site-packages\urllib3\connectionpool.py", line 699, in urlopen
    httplib_response = self._make_request(
  File "C:\Users\GF63\AppData\Local\Programs\Python\Python39\lib\site-packages\urllib3\connectionpool.py", line 382, in _make_request
    self._validate_conn(conn)
  File "C:\Users\GF63\AppData\Local\Programs\Python\Python39\lib\site-packages\urllib3\connectionpool.py", line 1010, in _validate_conn
    conn.connect()
  File "C:\Users\GF63\AppData\Local\Programs\Python\Python39\lib\site-packages\urllib3\connection.py", line 411, in connect
    self.sock = ssl_wrap_socket(
  File "C:\Users\GF63\AppData\Local\Programs\Python\Python39\lib\site-packages\urllib3\util\ssl_.py", line 432, in ssl_wrap_socket
    ssl_sock = _ssl_wrap_socket_impl(sock, context, tls_in_tls)
  File "C:\Users\GF63\AppData\Local\Programs\Python\Python39\lib\site-packages\urllib3\util\ssl_.py", line 474, in _ssl_wrap_socket_impl
    return ssl_context.wrap_socket(sock)
  File "C:\Users\GF63\AppData\Local\Programs\Python\Python39\lib\ssl.py", line 500, in wrap_socket
    return self.sslsocket_class._create(
  File "C:\Users\GF63\AppData\Local\Programs\Python\Python39\lib\ssl.py", line 1040, in _create
    self.do_handshake()
  File "C:\Users\GF63\AppData\Local\Programs\Python\Python39\lib\ssl.py", line 1309, in do_handshake
    self._sslobj.do_handshake()
ssl.SSLError: [SSL: WRONG_VERSION_NUMBER] wrong version number (_ssl.c:1122)

During handling of the above exception, another exception occurred:

Traceback (most recent call last):
  File "C:\Users\GF63\AppData\Local\Programs\Python\Python39\lib\site-packages\requests\adapters.py", line 439, in send
    resp = conn.urlopen(
  File "C:\Users\GF63\AppData\Local\Programs\Python\Python39\lib\site-packages\urllib3\connectionpool.py", line 755, in urlopen
    retries = retries.increment(
  File "C:\Users\GF63\AppData\Local\Programs\Python\Python39\lib\site-packages\urllib3\util\retry.py", line 573, in increment
    raise MaxRetryError(_pool, url, error or ResponseError(cause))
urllib3.exceptions.MaxRetryError: HTTPSConnectionPool(host='127.0.0.1', port=8080): Max retries exceeded with url: /countries/1 (Caused by SSLError(SSLError(1, '[SSL: WRONG_VERSION_NUMBER] wrong version number (_ssl.c:1122)')))

During handling of the above exception, another exception occurred:

Traceback (most recent call last):
  File "C:\Users\GF63\AppData\Local\Programs\Python\Python39\lib\site-packages\flask\app.py", line 2447, in wsgi_app
    response = self.full_dispatch_request()
  File "C:\Users\GF63\AppData\Local\Programs\Python\Python39\lib\site-packages\flask\app.py", line 1952, in full_dispatch_request
    rv = self.handle_user_exception(e)
  File "C:\Users\GF63\AppData\Local\Programs\Python\Python39\lib\site-packages\flask\app.py", line 1821, in handle_user_exception
    reraise(exc_type, exc_value, tb)
  File "C:\Users\GF63\AppData\Local\Programs\Python\Python39\lib\site-packages\flask\_compat.py", line 39, in reraise
    raise value
  File "C:\Users\GF63\AppData\Local\Programs\Python\Python39\lib\site-packages\flask\app.py", line 1950, in full_dispatch_request
    rv = self.dispatch_request()
  File "C:\Users\GF63\AppData\Local\Programs\Python\Python39\lib\site-packages\flask\app.py", line 1936, in dispatch_request
    return self.view_functions[rule.endpoint](**req.view_args)
  File "C:\Users\GF63\Documents\GitHub\yandex_web_project\main.py", line 342, in main_page
    country = get(API_SERVER + f'/countries/{item.country_id}').json()
  File "C:\Users\GF63\AppData\Local\Programs\Python\Python39\lib\site-packages\requests\api.py", line 76, in get
    return request('get', url, params=params, **kwargs)
  File "C:\Users\GF63\AppData\Local\Programs\Python\Python39\lib\site-packages\requests\api.py", line 61, in request
    return session.request(method=method, url=url, **kwargs)
  File "C:\Users\GF63\AppData\Local\Programs\Python\Python39\lib\site-packages\requests\sessions.py", line 542, in request
    resp = self.send(prep, **send_kwargs)
  File "C:\Users\GF63\AppData\Local\Programs\Python\Python39\lib\site-packages\requests\sessions.py", line 655, in send
    r = adapter.send(request, **kwargs)
  File "C:\Users\GF63\AppData\Local\Programs\Python\Python39\lib\site-packages\requests\adapters.py", line 514, in send
    raise SSLError(e, request=request)
requests.exceptions.SSLError: HTTPSConnectionPool(host='127.0.0.1', port=8080): Max retries exceeded with url: /countries/1 (Caused by SSLError(SSLError(1, '[SSL: WRONG_VERSION_NUMBER] wrong version number (_ssl.c:1122)')))
2021-04-24 20:32:35,261 INFO werkzeug 127.0.0.1 - - [24/Apr/2021 20:32:35] "[35m[1mGET / HTTP/1.1[0m" 500 -
2021-04-24 20:32:35,306 INFO werkzeug 127.0.0.1 - - [24/Apr/2021 20:32:35] "[33mGET /favicon.ico HTTP/1.1[0m" 404 -
2021-04-24 20:32:35,521 ERROR werkzeug 127.0.0.1 - - [24/Apr/2021 20:32:35] code 400, message Bad request version ("\xbd\xd8$\x00V\x13\x02\x13\x03\x13\x01\xc0,\xc00\xc0+\xc0/\xcc©\xcc\xa8\x00\x9f\x00\x9e\xcc\xaa\xc0\xaf\xc0\xad\xc0®\xc0¬\xc0$\xc0(\xc0#\xc0'\xc0")
2021-04-24 20:32:35,521 INFO werkzeug 127.0.0.1 - - [24/Apr/2021 20:32:35] "[35m[1m  \xfc\xba\xa3\x85\xc9\xb9G \x8a\x9d\xe7W\x8c^\xd8|\xcf\xd8\xd2X\x98\xaa\xffF\xbey{\xdc\x9a \xdfF\x9e\xddg\x8b\xc7$?W\xe8\x9b\xaf\x96\x86\xfag"\xfd\xf8\xbd\xd8$ V\xc0,\xc00\xc0+\xc0/\xcc©\xcc\xa8 \x9f \x9e\xcc\xaa\xc0\xaf\xc0­\xc0®\xc0¬\xc0$\xc0(\xc0#\xc0'\xc0[0m" HTTPStatus.BAD_REQUEST -
2021-04-24 20:32:35,522 ERROR main Exception on / [GET]
Traceback (most recent call last):
  File "C:\Users\GF63\AppData\Local\Programs\Python\Python39\lib\site-packages\urllib3\connectionpool.py", line 699, in urlopen
    httplib_response = self._make_request(
  File "C:\Users\GF63\AppData\Local\Programs\Python\Python39\lib\site-packages\urllib3\connectionpool.py", line 382, in _make_request
    self._validate_conn(conn)
  File "C:\Users\GF63\AppData\Local\Programs\Python\Python39\lib\site-packages\urllib3\connectionpool.py", line 1010, in _validate_conn
    conn.connect()
  File "C:\Users\GF63\AppData\Local\Programs\Python\Python39\lib\site-packages\urllib3\connection.py", line 411, in connect
    self.sock = ssl_wrap_socket(
  File "C:\Users\GF63\AppData\Local\Programs\Python\Python39\lib\site-packages\urllib3\util\ssl_.py", line 432, in ssl_wrap_socket
    ssl_sock = _ssl_wrap_socket_impl(sock, context, tls_in_tls)
  File "C:\Users\GF63\AppData\Local\Programs\Python\Python39\lib\site-packages\urllib3\util\ssl_.py", line 474, in _ssl_wrap_socket_impl
    return ssl_context.wrap_socket(sock)
  File "C:\Users\GF63\AppData\Local\Programs\Python\Python39\lib\ssl.py", line 500, in wrap_socket
    return self.sslsocket_class._create(
  File "C:\Users\GF63\AppData\Local\Programs\Python\Python39\lib\ssl.py", line 1040, in _create
    self.do_handshake()
  File "C:\Users\GF63\AppData\Local\Programs\Python\Python39\lib\ssl.py", line 1309, in do_handshake
    self._sslobj.do_handshake()
ssl.SSLError: [SSL: WRONG_VERSION_NUMBER] wrong version number (_ssl.c:1122)

During handling of the above exception, another exception occurred:

Traceback (most recent call last):
  File "C:\Users\GF63\AppData\Local\Programs\Python\Python39\lib\site-packages\requests\adapters.py", line 439, in send
    resp = conn.urlopen(
  File "C:\Users\GF63\AppData\Local\Programs\Python\Python39\lib\site-packages\urllib3\connectionpool.py", line 755, in urlopen
    retries = retries.increment(
  File "C:\Users\GF63\AppData\Local\Programs\Python\Python39\lib\site-packages\urllib3\util\retry.py", line 573, in increment
    raise MaxRetryError(_pool, url, error or ResponseError(cause))
urllib3.exceptions.MaxRetryError: HTTPSConnectionPool(host='127.0.0.1', port=8080): Max retries exceeded with url: /countries/1 (Caused by SSLError(SSLError(1, '[SSL: WRONG_VERSION_NUMBER] wrong version number (_ssl.c:1122)')))

During handling of the above exception, another exception occurred:

Traceback (most recent call last):
  File "C:\Users\GF63\AppData\Local\Programs\Python\Python39\lib\site-packages\flask\app.py", line 2447, in wsgi_app
    response = self.full_dispatch_request()
  File "C:\Users\GF63\AppData\Local\Programs\Python\Python39\lib\site-packages\flask\app.py", line 1952, in full_dispatch_request
    rv = self.handle_user_exception(e)
  File "C:\Users\GF63\AppData\Local\Programs\Python\Python39\lib\site-packages\flask\app.py", line 1821, in handle_user_exception
    reraise(exc_type, exc_value, tb)
  File "C:\Users\GF63\AppData\Local\Programs\Python\Python39\lib\site-packages\flask\_compat.py", line 39, in reraise
    raise value
  File "C:\Users\GF63\AppData\Local\Programs\Python\Python39\lib\site-packages\flask\app.py", line 1950, in full_dispatch_request
    rv = self.dispatch_request()
  File "C:\Users\GF63\AppData\Local\Programs\Python\Python39\lib\site-packages\flask\app.py", line 1936, in dispatch_request
    return self.view_functions[rule.endpoint](**req.view_args)
  File "C:\Users\GF63\Documents\GitHub\yandex_web_project\main.py", line 342, in main_page
    country = get(API_SERVER + f'/countries/{item.country_id}').json()
  File "C:\Users\GF63\AppData\Local\Programs\Python\Python39\lib\site-packages\requests\api.py", line 76, in get
    return request('get', url, params=params, **kwargs)
  File "C:\Users\GF63\AppData\Local\Programs\Python\Python39\lib\site-packages\requests\api.py", line 61, in request
    return session.request(method=method, url=url, **kwargs)
  File "C:\Users\GF63\AppData\Local\Programs\Python\Python39\lib\site-packages\requests\sessions.py", line 542, in request
    resp = self.send(prep, **send_kwargs)
  File "C:\Users\GF63\AppData\Local\Programs\Python\Python39\lib\site-packages\requests\sessions.py", line 655, in send
    r = adapter.send(request, **kwargs)
  File "C:\Users\GF63\AppData\Local\Programs\Python\Python39\lib\site-packages\requests\adapters.py", line 514, in send
    raise SSLError(e, request=request)
requests.exceptions.SSLError: HTTPSConnectionPool(host='127.0.0.1', port=8080): Max retries exceeded with url: /countries/1 (Caused by SSLError(SSLError(1, '[SSL: WRONG_VERSION_NUMBER] wrong version number (_ssl.c:1122)')))
2021-04-24 20:32:35,523 INFO werkzeug 127.0.0.1 - - [24/Apr/2021 20:32:35] "[35m[1mGET / HTTP/1.1[0m" 500 -
2021-04-24 20:32:35,559 INFO werkzeug 127.0.0.1 - - [24/Apr/2021 20:32:35] "[33mGET /favicon.ico HTTP/1.1[0m" 404 -
2021-04-24 20:32:35,774 ERROR werkzeug 127.0.0.1 - - [24/Apr/2021 20:32:35] code 400, message Bad request version ("\x88\xfb\x96«\xc9\x10\x05µ\x95\x84*^\xf3\xd6\xd0\x0eE\xe6\xfa\xbfN\xb93}\xbaU\xf6\xbf\x00V\x13\x02\x13\x03\x13\x01\xc0,\xc00\xc0+\xc0/\xcc©\xcc\xa8\x00\x9f\x00\x9e\xcc\xaa\xc0\xaf\xc0\xad\xc0®\xc0¬\xc0$\xc0(\xc0#\xc0'\xc0")
2021-04-24 20:32:35,774 INFO werkzeug 127.0.0.1 - - [24/Apr/2021 20:32:35] "[35m[1m  \xfc°\xcf¶d\x89q±9\xaf\xb9\xda\xe8±µ\xd3\xbd\xe5®#\xe9\xf4w\xea\xbcD\x91g i\x86J\x88\xfb\x96«\xc9µ\x95\x84*^\xf3\xd6\xd0E\xe6\xfa\xbfN\xb93}\xbaU\xf6\xbf V\xc0,\xc00\xc0+\xc0/\xcc©\xcc\xa8 \x9f \x9e\xcc\xaa\xc0\xaf\xc0­\xc0®\xc0¬\xc0$\xc0(\xc0#\xc0'\xc0[0m" HTTPStatus.BAD_REQUEST -
2021-04-24 20:32:35,775 ERROR main Exception on / [GET]
Traceback (most recent call last):
  File "C:\Users\GF63\AppData\Local\Programs\Python\Python39\lib\site-packages\urllib3\connectionpool.py", line 699, in urlopen
    httplib_response = self._make_request(
  File "C:\Users\GF63\AppData\Local\Programs\Python\Python39\lib\site-packages\urllib3\connectionpool.py", line 382, in _make_request
    self._validate_conn(conn)
  File "C:\Users\GF63\AppData\Local\Programs\Python\Python39\lib\site-packages\urllib3\connectionpool.py", line 1010, in _validate_conn
    conn.connect()
  File "C:\Users\GF63\AppData\Local\Programs\Python\Python39\lib\site-packages\urllib3\connection.py", line 411, in connect
    self.sock = ssl_wrap_socket(
  File "C:\Users\GF63\AppData\Local\Programs\Python\Python39\lib\site-packages\urllib3\util\ssl_.py", line 432, in ssl_wrap_socket
    ssl_sock = _ssl_wrap_socket_impl(sock, context, tls_in_tls)
  File "C:\Users\GF63\AppData\Local\Programs\Python\Python39\lib\site-packages\urllib3\util\ssl_.py", line 474, in _ssl_wrap_socket_impl
    return ssl_context.wrap_socket(sock)
  File "C:\Users\GF63\AppData\Local\Programs\Python\Python39\lib\ssl.py", line 500, in wrap_socket
    return self.sslsocket_class._create(
  File "C:\Users\GF63\AppData\Local\Programs\Python\Python39\lib\ssl.py", line 1040, in _create
    self.do_handshake()
  File "C:\Users\GF63\AppData\Local\Programs\Python\Python39\lib\ssl.py", line 1309, in do_handshake
    self._sslobj.do_handshake()
ssl.SSLError: [SSL: WRONG_VERSION_NUMBER] wrong version number (_ssl.c:1122)

During handling of the above exception, another exception occurred:

Traceback (most recent call last):
  File "C:\Users\GF63\AppData\Local\Programs\Python\Python39\lib\site-packages\requests\adapters.py", line 439, in send
    resp = conn.urlopen(
  File "C:\Users\GF63\AppData\Local\Programs\Python\Python39\lib\site-packages\urllib3\connectionpool.py", line 755, in urlopen
    retries = retries.increment(
  File "C:\Users\GF63\AppData\Local\Programs\Python\Python39\lib\site-packages\urllib3\util\retry.py", line 573, in increment
    raise MaxRetryError(_pool, url, error or ResponseError(cause))
urllib3.exceptions.MaxRetryError: HTTPSConnectionPool(host='127.0.0.1', port=8080): Max retries exceeded with url: /countries/1 (Caused by SSLError(SSLError(1, '[SSL: WRONG_VERSION_NUMBER] wrong version number (_ssl.c:1122)')))

During handling of the above exception, another exception occurred:

Traceback (most recent call last):
  File "C:\Users\GF63\AppData\Local\Programs\Python\Python39\lib\site-packages\flask\app.py", line 2447, in wsgi_app
    response = self.full_dispatch_request()
  File "C:\Users\GF63\AppData\Local\Programs\Python\Python39\lib\site-packages\flask\app.py", line 1952, in full_dispatch_request
    rv = self.handle_user_exception(e)
  File "C:\Users\GF63\AppData\Local\Programs\Python\Python39\lib\site-packages\flask\app.py", line 1821, in handle_user_exception
    reraise(exc_type, exc_value, tb)
  File "C:\Users\GF63\AppData\Local\Programs\Python\Python39\lib\site-packages\flask\_compat.py", line 39, in reraise
    raise value
  File "C:\Users\GF63\AppData\Local\Programs\Python\Python39\lib\site-packages\flask\app.py", line 1950, in full_dispatch_request
    rv = self.dispatch_request()
  File "C:\Users\GF63\AppData\Local\Programs\Python\Python39\lib\site-packages\flask\app.py", line 1936, in dispatch_request
    return self.view_functions[rule.endpoint](**req.view_args)
  File "C:\Users\GF63\Documents\GitHub\yandex_web_project\main.py", line 342, in main_page
    country = get(API_SERVER + f'/countries/{item.country_id}').json()
  File "C:\Users\GF63\AppData\Local\Programs\Python\Python39\lib\site-packages\requests\api.py", line 76, in get
    return request('get', url, params=params, **kwargs)
  File "C:\Users\GF63\AppData\Local\Programs\Python\Python39\lib\site-packages\requests\api.py", line 61, in request
    return session.request(method=method, url=url, **kwargs)
  File "C:\Users\GF63\AppData\Local\Programs\Python\Python39\lib\site-packages\requests\sessions.py", line 542, in request
    resp = self.send(prep, **send_kwargs)
  File "C:\Users\GF63\AppData\Local\Programs\Python\Python39\lib\site-packages\requests\sessions.py", line 655, in send
    r = adapter.send(request, **kwargs)
  File "C:\Users\GF63\AppData\Local\Programs\Python\Python39\lib\site-packages\requests\adapters.py", line 514, in send
    raise SSLError(e, request=request)
requests.exceptions.SSLError: HTTPSConnectionPool(host='127.0.0.1', port=8080): Max retries exceeded with url: /countries/1 (Caused by SSLError(SSLError(1, '[SSL: WRONG_VERSION_NUMBER] wrong version number (_ssl.c:1122)')))
2021-04-24 20:32:35,777 INFO werkzeug 127.0.0.1 - - [24/Apr/2021 20:32:35] "[35m[1mGET / HTTP/1.1[0m" 500 -
2021-04-24 20:32:35,806 INFO werkzeug 127.0.0.1 - - [24/Apr/2021 20:32:35] "[33mGET /favicon.ico HTTP/1.1[0m" 404 -
2021-04-24 20:32:35,968 ERROR werkzeug 127.0.0.1 - - [24/Apr/2021 20:32:35] code 400, message Bad request version ('\x1b\x8c\xc6C¦\xf6S\xdf\xffm\xc0\xd2%r\x96\x9e\x15"\xe8"\x89tZ\x94§c8,m§¶{\x00V\x13\x02\x13\x03\x13\x01\xc0,\xc00\xc0+\xc0/\xcc©\xcc\xa8\x00\x9f\x00\x9e\xcc\xaa\xc0\xaf\xc0\xad\xc0®\xc0¬\xc0$\xc0(\xc0#\xc0\'\xc0')
2021-04-24 20:32:35,969 INFO werkzeug 127.0.0.1 - - [24/Apr/2021 20:32:35] "[35m[1m  \xfc\xf6T\xdcSt\x8bF|\xec\x96«5\xc0-B}b\x84\xbc\x8d¬I2\xe4\xd3 f \x8c\xc6C¦\xf6S\xdf\xffm\xc0\xd2%r\x96\x9e"\xe8"\x89tZ\x94§c8,m§¶{ V\xc0,\xc00\xc0+\xc0/\xcc©\xcc\xa8 \x9f \x9e\xcc\xaa\xc0\xaf\xc0­\xc0®\xc0¬\xc0$\xc0(\xc0#\xc0'\xc0[0m" HTTPStatus.BAD_REQUEST -
2021-04-24 20:32:35,969 ERROR main Exception on / [GET]
Traceback (most recent call last):
  File "C:\Users\GF63\AppData\Local\Programs\Python\Python39\lib\site-packages\urllib3\connectionpool.py", line 699, in urlopen
    httplib_response = self._make_request(
  File "C:\Users\GF63\AppData\Local\Programs\Python\Python39\lib\site-packages\urllib3\connectionpool.py", line 382, in _make_request
    self._validate_conn(conn)
  File "C:\Users\GF63\AppData\Local\Programs\Python\Python39\lib\site-packages\urllib3\connectionpool.py", line 1010, in _validate_conn
    conn.connect()
  File "C:\Users\GF63\AppData\Local\Programs\Python\Python39\lib\site-packages\urllib3\connection.py", line 411, in connect
    self.sock = ssl_wrap_socket(
  File "C:\Users\GF63\AppData\Local\Programs\Python\Python39\lib\site-packages\urllib3\util\ssl_.py", line 432, in ssl_wrap_socket
    ssl_sock = _ssl_wrap_socket_impl(sock, context, tls_in_tls)
  File "C:\Users\GF63\AppData\Local\Programs\Python\Python39\lib\site-packages\urllib3\util\ssl_.py", line 474, in _ssl_wrap_socket_impl
    return ssl_context.wrap_socket(sock)
  File "C:\Users\GF63\AppData\Local\Programs\Python\Python39\lib\ssl.py", line 500, in wrap_socket
    return self.sslsocket_class._create(
  File "C:\Users\GF63\AppData\Local\Programs\Python\Python39\lib\ssl.py", line 1040, in _create
    self.do_handshake()
  File "C:\Users\GF63\AppData\Local\Programs\Python\Python39\lib\ssl.py", line 1309, in do_handshake
    self._sslobj.do_handshake()
ssl.SSLError: [SSL: WRONG_VERSION_NUMBER] wrong version number (_ssl.c:1122)

During handling of the above exception, another exception occurred:

Traceback (most recent call last):
  File "C:\Users\GF63\AppData\Local\Programs\Python\Python39\lib\site-packages\requests\adapters.py", line 439, in send
    resp = conn.urlopen(
  File "C:\Users\GF63\AppData\Local\Programs\Python\Python39\lib\site-packages\urllib3\connectionpool.py", line 755, in urlopen
    retries = retries.increment(
  File "C:\Users\GF63\AppData\Local\Programs\Python\Python39\lib\site-packages\urllib3\util\retry.py", line 573, in increment
    raise MaxRetryError(_pool, url, error or ResponseError(cause))
urllib3.exceptions.MaxRetryError: HTTPSConnectionPool(host='127.0.0.1', port=8080): Max retries exceeded with url: /countries/1 (Caused by SSLError(SSLError(1, '[SSL: WRONG_VERSION_NUMBER] wrong version number (_ssl.c:1122)')))

During handling of the above exception, another exception occurred:

Traceback (most recent call last):
  File "C:\Users\GF63\AppData\Local\Programs\Python\Python39\lib\site-packages\flask\app.py", line 2447, in wsgi_app
    response = self.full_dispatch_request()
  File "C:\Users\GF63\AppData\Local\Programs\Python\Python39\lib\site-packages\flask\app.py", line 1952, in full_dispatch_request
    rv = self.handle_user_exception(e)
  File "C:\Users\GF63\AppData\Local\Programs\Python\Python39\lib\site-packages\flask\app.py", line 1821, in handle_user_exception
    reraise(exc_type, exc_value, tb)
  File "C:\Users\GF63\AppData\Local\Programs\Python\Python39\lib\site-packages\flask\_compat.py", line 39, in reraise
    raise value
  File "C:\Users\GF63\AppData\Local\Programs\Python\Python39\lib\site-packages\flask\app.py", line 1950, in full_dispatch_request
    rv = self.dispatch_request()
  File "C:\Users\GF63\AppData\Local\Programs\Python\Python39\lib\site-packages\flask\app.py", line 1936, in dispatch_request
    return self.view_functions[rule.endpoint](**req.view_args)
  File "C:\Users\GF63\Documents\GitHub\yandex_web_project\main.py", line 342, in main_page
    country = get(API_SERVER + f'/countries/{item.country_id}').json()
  File "C:\Users\GF63\AppData\Local\Programs\Python\Python39\lib\site-packages\requests\api.py", line 76, in get
    return request('get', url, params=params, **kwargs)
  File "C:\Users\GF63\AppData\Local\Programs\Python\Python39\lib\site-packages\requests\api.py", line 61, in request
    return session.request(method=method, url=url, **kwargs)
  File "C:\Users\GF63\AppData\Local\Programs\Python\Python39\lib\site-packages\requests\sessions.py", line 542, in request
    resp = self.send(prep, **send_kwargs)
  File "C:\Users\GF63\AppData\Local\Programs\Python\Python39\lib\site-packages\requests\sessions.py", line 655, in send
    r = adapter.send(request, **kwargs)
  File "C:\Users\GF63\AppData\Local\Programs\Python\Python39\lib\site-packages\requests\adapters.py", line 514, in send
    raise SSLError(e, request=request)
requests.exceptions.SSLError: HTTPSConnectionPool(host='127.0.0.1', port=8080): Max retries exceeded with url: /countries/1 (Caused by SSLError(SSLError(1, '[SSL: WRONG_VERSION_NUMBER] wrong version number (_ssl.c:1122)')))
2021-04-24 20:32:35,971 INFO werkzeug 127.0.0.1 - - [24/Apr/2021 20:32:35] "[35m[1mGET / HTTP/1.1[0m" 500 -
2021-04-24 20:32:35,996 INFO werkzeug 127.0.0.1 - - [24/Apr/2021 20:32:35] "[33mGET /favicon.ico HTTP/1.1[0m" 404 -
